[2023-04-18T12:50:30.199227+02:00] app_logger.ALERT: This is an cute [] []
[2023-04-18T12:51:58.448089+02:00] app_logger.ALERT: Trying to book: Hemerson [] []
[2023-04-18T12:52:49.196806+02:00] app_logger.ALERT: Trying to book: Test [] []
[2023-04-18T12:53:59.934826+02:00] app_logger.ALERT: Trying to book: Hemerson [] []
[2023-04-18T12:54:46.241368+02:00] app_logger.ALERT: Trying to book: Hemerson [] []
[2023-04-18T12:54:50.656591+02:00] app_logger.DEBUG: Result: SUCCESS [] []
[2023-04-18T12:54:50.656683+02:00] app_logger.DEBUG: Request submitted {"id":"CUS0000026","firstname":"Hemerson","lastname":"Ramiro","phone":"09777325694","email":"jamerkelly09877@protonmail.com","area":"Sumacab","city":"Nueva Ecija","request":"Plumber","dateofreq":"2023-04-18","authid":"AUTH000000","aflag":0,"transflag":0} []
[2023-04-18T13:00:30.034360+02:00] app_logger.ALERT: Trying to book: Hemerson [] []
[2023-04-18T13:00:34.413101+02:00] app_logger.DEBUG: Result: SUCCESS [] []
[2023-04-18T13:00:34.413189+02:00] app_logger.DEBUG: Request submitted {"id":"CUS0000027","firstname":"Hemerson","lastname":"Ramiro","phone":"09777325694","email":"jamerkelly09877@protonmail.com","area":"Sumacab","city":"Nueva Ecija","request":"Plumber","dateofreq":"2023-04-18","authid":"AUTH000000","aflag":0,"transflag":0} []
[2023-04-18T13:04:34.703858+02:00] app_logger.ALERT: Trying to book: Hemerson [] []
[2023-04-18T13:04:39.150122+02:00] app_logger.DEBUG: Result: SUCCESS [] []
[2023-04-18T13:04:39.150218+02:00] app_logger.DEBUG: Request submitted {"id":"CUS0000028","firstname":"Hemerson","lastname":"Ramiro","phone":"09777325694","email":"jamerkelly09877@protonmail.com","area":"Sumacab","city":"Nueva Ecija","request":"Plumber","dateofreq":"2023-04-18","authid":"AUTH000000","aflag":0,"transflag":0} []
[2023-04-18T13:04:54.252154+02:00] app_logger.ALERT: Trying to book: Hemerson [] []
[2023-04-18T13:04:58.298611+02:00] app_logger.DEBUG: Result: SUCCESS [] []
[2023-04-18T13:04:58.298698+02:00] app_logger.DEBUG: Request submitted {"id":"CUS0000029","firstname":"Hemerson","lastname":"Ramiro","phone":"09777325694","email":"jamerkelly09877@protonmail.com","area":"Sumacab","city":"Nueva Ecija","request":"Plumber","dateofreq":"2023-04-18","authid":"AUTH000000","aflag":0,"transflag":0} []
[2023-04-18T13:13:33.389443+02:00] logger.ALERT: Trying to login for authorizer: jamer02 sddsa [] []
[2023-04-18T13:14:00.405786+02:00] logger.CRITICAL: Trying to login for authorizer: jamer02 adasd [] []
[2023-04-18T13:17:19.565421+02:00] logger.CRITICAL: Trying to login for authorizer:  [] []
[2023-04-18T13:18:00.269845+02:00] logger.CRITICAL: Trying to login for authorizer: jamer02 [] []
[2023-04-18T13:18:58.335178+02:00] logger.CRITICAL: Trying to login for authorizer: jamer02 asdas [] []
[2023-04-18T18:36:19.018723+02:00] logger.DEBUG: Result: SUCCESS [] []
[2023-04-19T04:01:09.989192+02:00] logger.DEBUG: Result: SUCCESS [] []
[2023-04-19T05:25:20.011940+02:00] logger.CRITICAL: Trying to login for authorizer: jamer01 makereare [] []
[2023-04-19T05:26:22.013984+02:00] logger.DEBUG: Result: SUCCESS [] []
[2023-04-19T05:26:31.923198+02:00] logger.CRITICAL: Trying to login for authorizer: jamer01 alabIETI00 [] []
[2023-04-19T05:27:29.815701+02:00] logger.DEBUG: Result: SUCCESS [] []
[2023-04-19T05:42:01.197970+02:00] logger.CRITICAL: Trying to login for authorizer: jamer01 alabIETI007 [] []
[2023-04-24T06:19:07.555121+02:00] logger.CRITICAL: Trying to login for authorizer: jamer01 alabMEME1 [] []
[2023-04-24T06:19:58.979234+02:00] logger.DEBUG: Result: SUCCESS [] []
[2023-04-24T09:20:41.704371+02:00] logger.CRITICAL: Trying to login for authorizer: jamer05 alabMEME1 [] []
[2023-04-24T09:20:49.105048+02:00] logger.DEBUG: Result: SUCCESS [] []
[2023-04-24T09:21:47.391019+02:00] logger.CRITICAL: Trying to login for authorizer: jamer alabIETI0074 [] []
[2023-04-24T09:48:22.244789+02:00] app_logger.ALERT: Trying to book: jamerrr [] []
[2023-04-24T09:48:25.416161+02:00] app_logger.ALERT: Trying to book: jamerrr [] []
[2023-04-24T09:48:27.858159+02:00] app_logger.DEBUG: Result: SUCCESS [] []
[2023-04-24T09:48:27.858263+02:00] app_logger.DEBUG: Request submitted {"id":"CUS0000001","firstname":"jamerrr","lastname":"adsasd","phone":"09777325694","email":"jamerkelly09877@gmail.com","area":"Sumacab","city":"Nueva Ecija","request":"Plumber","dateofreq":"2023-04-24","authid":"AUTH000000","aflag":0,"transflag":0} []
[2023-04-24T10:05:53.592012+02:00] app_logger.ALERT: Trying to book: jamer [] []
[2023-04-24T10:06:04.330721+02:00] app_logger.ALERT: Trying to book: jamer [] []
[2023-04-24T10:06:09.848782+02:00] app_logger.DEBUG: Result: SUCCESS [] []
[2023-04-24T10:06:09.848872+02:00] app_logger.DEBUG: Request submitted {"id":"CUS0000002","firstname":"jamer","lastname":"cute","phone":"09777325694","email":"jamerkelly09877@gmail.com","area":"Sumacab","city":"Nueva Ecija","request":"Plumber","dateofreq":"2023-04-24","authid":"AUTH000000","aflag":0,"transflag":0} []
[2023-04-24T10:09:57.286118+02:00] app_logger.ALERT: Trying to book: jamer [] []
[2023-04-24T10:10:03.318746+02:00] app_logger.DEBUG: Result: SUCCESS [] []
[2023-04-24T10:10:03.318888+02:00] app_logger.DEBUG: Request submitted {"id":"CUS0000003","firstname":"jamer","lastname":"adsasd","phone":"09777325694","email":"jamerkelly09877@protonmail.com","area":"Sumacab","city":"Nueva Ecija","request":"Plumber","dateofreq":"2023-04-24","authid":"AUTH000000","aflag":0,"transflag":0} []
[2023-04-24T11:17:26.234731+02:00] app_logger.ALERT: Trying to book: jamer [] []
[2023-04-24T11:17:31.547698+02:00] app_logger.DEBUG: Result: SUCCESS [] []
[2023-04-24T11:17:31.547888+02:00] app_logger.DEBUG: Request submitted {"id":"CUS0000004","firstname":"jamer","lastname":"adsasd","phone":"09777325694","email":"jamerkelly09877@gmail.com","area":"Sumacab","city":"Nueva Ecija","request":"Plumber","dateofreq":"2023-04-24","authid":"AUTH000000","aflag":0,"transflag":0} []
[2023-04-24T11:19:52.338015+02:00] logger.DEBUG: Result: SUCCESS [] []
[2023-04-24T11:31:21.070138+02:00] logger.DEBUG: Result: SUCCESS [] []
[2023-04-24T11:32:15.843568+02:00] logger.CRITICAL: Trying to login for authorizer: Jamer05 alabIETI0074 [] []
[2023-04-24T11:32:23.178937+02:00] logger.DEBUG: Result: SUCCESS [] []
[2023-04-24T11:37:00.873308+02:00] app_logger.ALERT: Trying to book: jamerrr [] []
[2023-04-24T11:37:05.879431+02:00] app_logger.DEBUG: Result: SUCCESS [] []
[2023-04-24T11:37:05.879509+02:00] app_logger.DEBUG: Request submitted {"id":"CUS0000005","firstname":"jamerrr","lastname":"cute","phone":"09777325694","email":"jamerkelly09877@gmail.com","area":"Sumacab","city":"Nueva Ecija","request":"Plumber","dateofreq":"2023-04-24","authid":"AUTH000000","aflag":0,"transflag":0} []
[2023-04-24T12:01:00.288623+02:00] logger.CRITICAL: Trying to login for authorizer: Jamer05 alabmeme1 [] []
[2023-04-24T12:01:10.040290+02:00] logger.DEBUG: Result: SUCCESS [] []
[2023-04-24T12:10:50.522442+02:00] logger.DEBUG: Result: SUCCESS [] []
[2023-04-24T14:23:52.470998+02:00] app_logger.ALERT: Trying to book: Hemerson [] []
[2023-04-24T14:24:01.275946+02:00] app_logger.ALERT: Trying to book: Hemerson [] []
[2023-04-24T14:24:26.486053+02:00] app_logger.ALERT: Trying to book: Hemerson [] []
[2023-04-24T14:24:36.434311+02:00] app_logger.ALERT: Trying to book: Hemerson [] []
[2023-04-24T14:38:30.467381+02:00] app_logger.ALERT: Trying to book: Hemerson [] []
[2023-04-24T14:38:35.967532+02:00] app_logger.DEBUG: Result: SUCCESS [] []
[2023-04-24T14:38:35.967649+02:00] app_logger.DEBUG: Request submitted {"id":"CUS0000008","firstname":"Hemerson","lastname":"Ramiro","phone":"09272337996","email":"jamerkelly09877@protonmail.com","area":"Sumacab","city":"Nueva Ecija","request":"Plumber","dateofreq":"2023-04-24","authid":"AUTH000000","aflag":0,"transflag":0} []
[2023-04-24T14:38:47.181486+02:00] app_logger.ALERT: Trying to book: Hemerson [] []
[2023-04-24T14:38:52.146258+02:00] app_logger.DEBUG: Result: SUCCESS [] []
[2023-04-24T14:38:52.146344+02:00] app_logger.DEBUG: Request submitted {"id":"CUS0000009","firstname":"Hemerson","lastname":"Ramiro","phone":"09272337996","email":"jamerkelly09877@protonmail.com","area":"Palayan City","city":"Nueva Ecija","request":"Plumber","dateofreq":"2023-04-24","authid":"AUTH000000","aflag":0,"transflag":0} []
[2023-04-24T14:40:38.460007+02:00] app_logger.ALERT: Trying to book: Hemerson [] []
[2023-04-24T14:40:42.673452+02:00] app_logger.ALERT: Trying to book: Hemerson [] []
[2023-04-24T14:40:47.038899+02:00] app_logger.ALERT: Trying to book: Hemerson [] []
[2023-04-24T14:41:09.835729+02:00] app_logger.ALERT: Trying to book: Hemerson [] []
[2023-04-24T14:41:46.092695+02:00] logger.DEBUG: Result: SUCCESS [] []
[2023-04-24T14:42:22.986266+02:00] app_logger.ALERT: Trying to book: Hemerson [] []
[2023-04-24T14:42:31.620450+02:00] app_logger.ALERT: Trying to book: Hemerson [] []
[2023-04-24T14:51:07.439598+02:00] app_logger.ALERT: Trying to book: Hemerson [] []
[2023-04-24T14:51:21.669100+02:00] app_logger.ALERT: Trying to book: Hemerson [] []
[2023-04-24T14:51:35.062776+02:00] app_logger.ALERT: Trying to book: Hemerson [] []
[2023-04-24T14:51:39.630344+02:00] app_logger.ALERT: Trying to book: Hemerson [] []
[2023-04-24T14:51:50.500183+02:00] app_logger.ALERT: Trying to book: Hemerson [] []
[2023-04-24T14:51:56.628417+02:00] app_logger.DEBUG: Result: SUCCESS [] []
[2023-04-24T14:51:56.628502+02:00] app_logger.DEBUG: Request submitted {"id":"CUS0000014","firstname":"Hemerson","lastname":"Ramiro","phone":"09272337996","email":"jamerkelly09877@protonmail.com","area":"Sumacab","city":"Nueva Ecija","request":"Electrician","dateofreq":"2023-04-24","authid":"AUTH000001","aflag":0,"transflag":0} []
[2023-04-24T14:52:10.640200+02:00] app_logger.ALERT: Trying to book: Hemerson [] []
[2023-04-24T14:52:16.698379+02:00] app_logger.DEBUG: Result: SUCCESS [] []
[2023-04-24T14:52:16.698486+02:00] app_logger.DEBUG: Request submitted {"id":"CUS0000015","firstname":"Hemerson","lastname":"Ramiro","phone":"09272337996","email":"jamerkelly09877@protonmail.com","area":"Palayan City","city":"Nueva Ecija","request":"Electrician","dateofreq":"2023-04-24","authid":"AUTH000001","aflag":0,"transflag":0} []
[2023-04-24T14:52:36.413915+02:00] app_logger.ALERT: Trying to book: Hemerson [] []
[2023-04-24T15:15:00.141805+02:00] app_logger.ALERT: Trying to book: Rowell [] []
[2023-04-24T15:15:05.879149+02:00] app_logger.DEBUG: Result: SUCCESS [] []
[2023-04-24T15:15:05.879282+02:00] app_logger.DEBUG: Request submitted {"id":"CUS0000000","firstname":"Rowell","lastname":"Ongjiangco","phone":"09501232525","email":"rdongjiangco@gmail.com","area":"Sumacab","city":"Nueva Ecija","request":"Carpenter","dateofreq":"2023-04-24","authid":"AUTH000002","aflag":0,"transflag":0} []
[2023-04-24T15:16:14.674624+02:00] logger.DEBUG: Result: SUCCESS [] []
[2023-04-24T15:18:36.754320+02:00] app_logger.ALERT: Trying to book: rd [] []
[2023-04-24T15:18:41.916398+02:00] app_logger.DEBUG: Result: SUCCESS [] []
[2023-04-24T15:18:41.916504+02:00] app_logger.DEBUG: Request submitted {"id":"CUS0000001","firstname":"rd","lastname":"dizon","phone":"09501232525","email":"rdongjiangco@gmail.com","area":"San Jose City","city":"Nueva Ecija","request":"Electrician","dateofreq":"2023-04-24","authid":"AUTH000001","aflag":0,"transflag":0} []
[2023-04-24T15:19:06.852311+02:00] logger.DEBUG: Result: SUCCESS [] []
[2023-04-24T16:12:25.921661+02:00] app_logger.ALERT: Trying to book: Rowell [] []
[2023-04-24T16:12:30.829371+02:00] app_logger.DEBUG: Result: SUCCESS [] []
[2023-04-24T16:12:30.829465+02:00] app_logger.DEBUG: Request submitted {"id":"CUS0000017","firstname":"Rowell","lastname":"Dizon","phone":"09501232525","email":"rdongjiangco@gmail.com","area":"Palayan City","city":"Nueva Ecija","request":"Plumber","dateofreq":"2023-04-24","authid":"AUTH000000","aflag":0,"transflag":0} []
[2023-04-24T16:12:44.204821+02:00] logger.DEBUG: Result: SUCCESS [] []
[2023-04-24T16:13:41.559778+02:00] logger.DEBUG: Result: SUCCESS [] []
[2023-04-24T16:16:46.927907+02:00] logger.DEBUG: Result: SUCCESS [] []
[2023-04-24T16:17:13.151172+02:00] logger.DEBUG: Result: SUCCESS [] []
[2023-04-24T16:24:50.132824+02:00] logger.DEBUG: Result: SUCCESS [] []
[2023-04-24T16:25:05.444303+02:00] app_logger.ALERT: Trying to book: Rowell [] []
[2023-04-24T16:25:11.650870+02:00] app_logger.DEBUG: Result: SUCCESS [] []
[2023-04-24T16:25:11.650954+02:00] app_logger.DEBUG: Request submitted {"id":"CUS0000018","firstname":"Rowell","lastname":"dizon","phone":"09501232525","email":"rdongjiangco@gmail.com","area":"Palayan","city":"Nueva Ecija","request":"Plumber","dateofreq":"2023-04-24","authid":"AUTH000000","aflag":0,"transflag":0} []
[2023-04-24T16:25:26.376252+02:00] logger.DEBUG: Result: SUCCESS [] []
[2023-04-24T16:34:55.082488+02:00] app_logger.ALERT: Trying to book: Hemerson [] []
[2023-04-24T16:35:00.591242+02:00] app_logger.DEBUG: Result: SUCCESS [] []
[2023-04-24T16:35:00.591331+02:00] app_logger.DEBUG: Request submitted {"id":"CUS0000019","firstname":"Hemerson","lastname":"Ramiro","phone":"09272337996","email":"jamerkelly09877@protonmail.com","area":"Palayan City","city":"Nueva Ecija","request":"Plumber","dateofreq":"2023-04-24","authid":"AUTH000000","aflag":0,"transflag":0} []
[2023-04-24T16:35:14.457935+02:00] logger.DEBUG: Result: SUCCESS [] []
[2023-04-24T16:38:51.491804+02:00] logger.DEBUG: Result: SUCCESS [] []
[2023-04-25T09:01:16.926770+02:00] app_logger.ALERT: Trying to book: Hemerson [] []
[2023-04-25T09:03:02.328925+02:00] app_logger.ALERT: Trying to book: Hemerson [] []
[2023-04-25T09:03:10.696163+02:00] app_logger.ALERT: Trying to book: Hemerson [] []
[2023-04-25T09:03:15.136546+02:00] app_logger.DEBUG: Result: SUCCESS [] []
[2023-04-25T09:03:15.136630+02:00] app_logger.DEBUG: Request submitted {"id":"CUS0000021","firstname":"Hemerson","lastname":"Ramiro","phone":"09272337996","email":"jamerkelly09877@protonmail.com","area":"Sumacab","city":"Nueva Ecija","request":"Plumber","dateofreq":"2023-04-25","authid":"AUTH000000","aflag":0,"transflag":0} []
[2023-04-25T09:07:33.610179+02:00] app_logger.ALERT: Trying to book: Hemerson [] []
[2023-04-25T09:07:38.816325+02:00] app_logger.DEBUG: Result: SUCCESS [] []
[2023-04-25T09:07:38.816416+02:00] app_logger.DEBUG: Request submitted {"id":"CUS0000022","firstname":"Hemerson","lastname":"Ramiro","phone":"09272337996","email":"jamerkelly09877@protonmail.com","area":"Palayan City","city":"Nueva Ecija","request":"Plumber","dateofreq":"2023-04-25","authid":"AUTH000000","aflag":0,"transflag":0} []
[2023-04-25T09:07:49.174399+02:00] app_logger.ALERT: Trying to book:  [] []
[2023-04-25T09:07:52.235057+02:00] app_logger.ALERT: Trying to book:  [] []
[2023-04-25T09:08:06.641163+02:00] app_logger.ALERT: Trying to book:  [] []
[2023-04-25T09:09:26.365047+02:00] app_logger.ALERT: Trying to book:  [] []
[2023-04-25T09:11:13.821102+02:00] app_logger.ALERT: Trying to book:  [] []
[2023-04-25T09:11:20.645910+02:00] app_logger.ALERT: Trying to book:  [] []
[2023-04-25T09:16:51.934402+02:00] app_logger.ALERT: Trying to book:  [] []
[2023-04-25T09:18:35.313950+02:00] app_logger.ALERT: Trying to book:  [] []
[2023-04-25T09:20:32.306078+02:00] app_logger.ALERT: Trying to book:  [] []
[2023-04-25T09:21:29.716621+02:00] app_logger.ALERT: Trying to book:  [] []
[2023-04-25T09:21:59.032117+02:00] app_logger.ALERT: Trying to book:  [] []
[2023-04-25T09:23:15.722261+02:00] app_logger.ALERT: Trying to book:  [] []
[2023-04-25T09:23:22.916186+02:00] app_logger.ALERT: Trying to book:  [] []
[2023-04-25T09:23:28.244670+02:00] app_logger.ALERT: Trying to book:  [] []
[2023-04-25T09:24:16.023055+02:00] app_logger.ALERT: Trying to book:  [] []
[2023-04-25T09:26:18.340580+02:00] app_logger.ALERT: Trying to book:  [] []
[2023-04-25T09:26:55.249143+02:00] app_logger.ALERT: Trying to book:  [] []
[2023-04-25T09:28:20.579821+02:00] app_logger.ALERT: Trying to book:  [] []
[2023-04-25T09:28:28.674260+02:00] app_logger.ALERT: Trying to book:  [] []
[2023-04-25T09:28:38.270584+02:00] app_logger.ALERT: Trying to book:  [] []
[2023-04-25T09:29:28.543739+02:00] app_logger.ALERT: Trying to book:  [] []
[2023-04-25T09:29:36.974950+02:00] app_logger.ALERT: Trying to book:  [] []
[2023-04-25T09:31:15.572768+02:00] app_logger.ALERT: Trying to book:  [] []
[2023-04-25T09:33:26.491568+02:00] app_logger.ALERT: Trying to book:  [] []
[2023-04-25T09:36:16.932523+02:00] app_logger.ALERT: Trying to book:  [] []
[2023-04-25T09:36:30.188496+02:00] app_logger.ALERT: Trying to book:  [] []
[2023-04-25T09:37:16.998706+02:00] app_logger.ALERT: Trying to book:  [] []
[2023-04-25T09:37:39.334463+02:00] app_logger.ALERT: Trying to book:  [] []
[2023-04-25T09:38:41.334628+02:00] app_logger.ALERT: Trying to book:  [] []
[2023-04-25T09:38:46.411328+02:00] app_logger.ALERT: Trying to book:  [] []
[2023-04-25T09:40:25.220591+02:00] app_logger.ALERT: Trying to book:  [] []
[2023-04-25T09:42:53.720577+02:00] app_logger.ALERT: Trying to book:  [] []
[2023-04-25T09:43:43.839715+02:00] app_logger.ALERT: Trying to book:  [] []
[2023-04-25T09:44:11.754881+02:00] app_logger.ALERT: Trying to book:  [] []
[2023-04-25T09:45:44.977764+02:00] app_logger.ALERT: Trying to book:  [] []
[2023-04-25T09:47:01.521942+02:00] app_logger.ALERT: Trying to book:  [] []
[2023-04-25T09:47:14.585386+02:00] app_logger.ALERT: Trying to book:  [] []
[2023-04-25T09:47:16.697559+02:00] app_logger.ALERT: Trying to book:  [] []
[2023-04-25T09:49:05.185816+02:00] app_logger.ALERT: Trying to book:  [] []
[2023-04-25T09:49:11.227789+02:00] app_logger.ALERT: Trying to book:  [] []
[2023-04-25T09:49:15.129615+02:00] app_logger.ALERT: Trying to book:  [] []
[2023-04-25T09:49:23.943884+02:00] app_logger.ALERT: Trying to book:  [] []
[2023-04-25T09:53:30.398927+02:00] app_logger.ALERT: Trying to book:  [] []
[2023-04-25T09:53:33.680883+02:00] app_logger.ALERT: Trying to book:  [] []
[2023-04-25T10:00:18.513404+02:00] app_logger.ALERT: Trying to book:  [] []
[2023-04-25T10:00:54.216094+02:00] app_logger.ALERT: Trying to book:  [] []
[2023-04-25T10:01:01.314768+02:00] app_logger.ALERT: Trying to book:  [] []
[2023-04-25T10:01:18.250703+02:00] app_logger.ALERT: Trying to book:  [] []
[2023-04-25T10:01:52.191464+02:00] app_logger.ALERT: Trying to book:  [] []
[2023-04-25T10:02:21.118234+02:00] app_logger.ALERT: Trying to book:  [] []
[2023-04-25T10:03:15.598256+02:00] app_logger.ALERT: Trying to book:  [] []
[2023-04-25T10:03:47.272677+02:00] app_logger.ALERT: Trying to book:  [] []
[2023-04-25T10:03:58.126275+02:00] app_logger.ALERT: Trying to book:  [] []
[2023-04-25T10:04:19.528828+02:00] app_logger.ALERT: Trying to book:  [] []
[2023-04-25T10:05:46.375061+02:00] app_logger.ALERT: Trying to book:  [] []
[2023-04-25T10:06:39.614462+02:00] app_logger.ALERT: Trying to book:  [] []
[2023-04-25T10:07:05.388330+02:00] app_logger.ALERT: Trying to book:  [] []
[2023-04-25T10:07:18.625249+02:00] app_logger.ALERT: Trying to book:  [] []
[2023-04-25T10:07:34.114214+02:00] app_logger.ALERT: Trying to book:  [] []
[2023-04-25T10:10:57.336970+02:00] app_logger.ALERT: Trying to book:  [] []
[2023-04-25T10:11:27.815276+02:00] app_logger.ALERT: Trying to book:  [] []
[2023-04-25T10:12:06.655540+02:00] app_logger.ALERT: Trying to book:  [] []
[2023-04-25T10:13:28.800912+02:00] app_logger.ALERT: Trying to book:  [] []
[2023-04-25T10:14:03.823488+02:00] app_logger.ALERT: Trying to book:  [] []
[2023-04-25T10:16:35.991799+02:00] app_logger.ALERT: Trying to book:  [] []
[2023-04-25T10:17:09.822782+02:00] app_logger.ALERT: Trying to book:  [] []
[2023-04-25T10:17:37.592725+02:00] app_logger.ALERT: Trying to book:  [] []
[2023-04-25T10:18:53.962667+02:00] app_logger.ALERT: Trying to book:  [] []
[2023-04-25T10:19:07.536273+02:00] app_logger.ALERT: Trying to book: Rowell [] []
[2023-04-25T10:19:12.515587+02:00] app_logger.DEBUG: Result: SUCCESS [] []
[2023-04-25T10:19:12.515695+02:00] app_logger.DEBUG: Request submitted {"id":"CUS0000023","firstname":"Rowell","lastname":"Ramiro","phone":"09272337996","email":"jamerkelly09877@protonmail.com","area":"Sumacab","city":"Nueva Ecija","request":"Plumber","dateofreq":"2023-04-25","authid":"AUTH000000","aflag":0,"transflag":0} []
[2023-04-25T10:19:32.797860+02:00] app_logger.ALERT: Trying to book: Hemerson [] []
[2023-04-25T10:19:37.507710+02:00] app_logger.DEBUG: Result: SUCCESS [] []
[2023-04-25T10:19:37.507853+02:00] app_logger.DEBUG: Request submitted {"id":"CUS0000024","firstname":"Hemerson","lastname":"Ramiro","phone":"09272337996","email":"jamerkelly09877@protonmail.com","area":"Sumacab","city":"Nueva Ecija","request":"Plumber","dateofreq":"2023-04-25","authid":"AUTH000000","aflag":0,"transflag":0} []
[2023-04-25T10:19:49.548867+02:00] app_logger.ALERT: Trying to book: Hemerson [] []
[2023-04-25T10:19:53.999803+02:00] app_logger.ALERT: Trying to book: Hemerson [] []
[2023-04-25T10:20:04.626384+02:00] app_logger.ALERT: Trying to book:  [] []
[2023-04-25T10:23:33.443012+02:00] app_logger.ALERT: Trying to book:  [] []
[2023-04-25T10:23:57.005758+02:00] app_logger.ALERT: Trying to book:  [] []
[2023-04-25T10:24:05.895381+02:00] app_logger.ALERT: Trying to book:  [] []
[2023-04-25T10:25:46.791914+02:00] app_logger.ALERT: Trying to book: Hemerson [] []
[2023-04-25T10:25:51.280557+02:00] app_logger.DEBUG: Result: SUCCESS [] []
[2023-04-25T10:25:51.280716+02:00] app_logger.DEBUG: Request submitted {"id":"CUS0000025","firstname":"Hemerson","lastname":"Ramiro","phone":"09272337996","email":"jamerkelly09877@protonmail.com","area":"Sumacab","city":"Nueva Ecija","request":"Plumber","dateofreq":"2023-04-25","authid":"AUTH000000","aflag":0,"transflag":0} []
[2023-04-25T10:27:13.921911+02:00] app_logger.ALERT: Trying to book:  [] []
[2023-04-25T10:27:25.869562+02:00] app_logger.ALERT: Trying to book:  [] []
[2023-04-25T10:29:00.959931+02:00] app_logger.ALERT: Trying to book:  [] []
[2023-04-25T10:29:05.190123+02:00] app_logger.ALERT: Trying to book:  [] []
[2023-04-25T10:30:00.757865+02:00] app_logger.ALERT: Trying to book:  [] []
[2023-04-25T10:30:11.173952+02:00] app_logger.ALERT: Trying to book:  [] []
[2023-04-25T10:31:26.677288+02:00] app_logger.ALERT: Trying to book:  [] []
[2023-04-25T10:31:40.451855+02:00] app_logger.ALERT: Trying to book:  [] []
[2023-04-25T10:32:20.979514+02:00] app_logger.ALERT: Trying to book:  [] []
[2023-04-25T10:32:25.663850+02:00] app_logger.ALERT: Trying to book:  [] []
[2023-04-25T10:33:33.289416+02:00] app_logger.ALERT: Trying to book:  [] []
[2023-04-25T10:35:15.826361+02:00] app_logger.ALERT: Trying to book:  [] []
[2023-04-25T10:35:29.880099+02:00] app_logger.ALERT: Trying to book:  [] []
[2023-04-25T10:35:43.266957+02:00] app_logger.ALERT: Trying to book:  [] []
[2023-04-25T10:36:09.680322+02:00] app_logger.ALERT: Trying to book: Hemerson [] []
[2023-04-25T10:36:13.581814+02:00] app_logger.DEBUG: Result: SUCCESS [] []
[2023-04-25T10:36:13.581907+02:00] app_logger.DEBUG: Request submitted {"id":"CUS0000026","firstname":"Hemerson","lastname":"Ramiro","phone":"09272337996","email":"jamerkelly09877@protonmail.com","area":"Sumacab","city":"Nueva Ecija","request":"Plumber","dateofreq":"2023-04-25","authid":"AUTH000000","aflag":0,"transflag":0} []
[2023-04-25T10:47:11.707726+02:00] logger.DEBUG: Result: SUCCESS [] []
[2023-04-25T10:48:57.235613+02:00] logger.DEBUG: Result: SUCCESS [] []
[2023-04-25T11:32:03.611818+02:00] logger.DEBUG: Result: SUCCESS [] []
[2023-04-25T11:43:48.214145+02:00] logger.CRITICAL: Trying to login for authorizer: jamer alabIETI0074 [] []
[2023-04-25T11:43:52.562004+02:00] logger.CRITICAL: Trying to login for authorizer: jamer alabIETI0074 [] []
[2023-04-25T11:44:10.824484+02:00] logger.CRITICAL: Trying to login for authorizer: jamer alabIETI0074 [] []
[2023-04-25T11:44:15.764827+02:00] logger.CRITICAL: Trying to login for authorizer: jamer alabMEME1` [] []
[2023-04-25T11:44:19.731527+02:00] logger.DEBUG: Result: SUCCESS [] []
[2023-04-25T12:21:13.775456+02:00] logger.CRITICAL: Trying to login for authorizer: conor.hammes alabMEME1 [] []
[2023-04-25T12:21:21.304737+02:00] app_logger.ALERT: Trying to book:  rd [] []
[2023-04-25T12:21:29.599930+02:00] logger.CRITICAL: Trying to login for authorizer: conor.hammes alabMEME2 [] []
[2023-04-25T12:21:52.228752+02:00] app_logger.ALERT: Trying to book: Rowell [] []
[2023-04-25T12:22:13.529563+02:00] app_logger.ALERT: Trying to book: Rowell [] []
[2023-04-25T12:23:07.956133+02:00] app_logger.ALERT: Trying to book: Hemerson [] []
[2023-04-25T12:23:14.031540+02:00] app_logger.DEBUG: Result: SUCCESS [] []
[2023-04-25T12:23:14.050454+02:00] app_logger.DEBUG: Request submitted {"id":"CUS0000029","firstname":"Hemerson","lastname":"Ramiro","phone":"09272337996","email":"jamerkelly09877@protonmail.com","area":"Sumacab","city":"Nueva Ecija","request":"Plumber","dateofreq":"2023-04-25","authid":"AUTH000000","aflag":0,"transflag":0} []
[2023-04-25T12:23:26.530254+02:00] app_logger.ALERT: Trying to book: Hemerson [] []
[2023-04-25T12:24:22.806522+02:00] app_logger.ALERT: Trying to book: Hemerson [] []
[2023-04-25T12:24:25.918941+02:00] app_logger.ALERT: Trying to book: Rowell [] []
[2023-04-25T12:24:33.704120+02:00] app_logger.ALERT: Trying to book: Rowell [] []
[2023-04-25T12:24:39.842336+02:00] app_logger.ALERT: Trying to book: Rowell [] []
[2023-04-25T12:24:50.698950+02:00] app_logger.ALERT: Trying to book: Rowell [] []
[2023-04-25T12:25:01.857788+02:00] app_logger.ALERT: Trying to book: Rowell [] []
[2023-04-25T12:25:51.214968+02:00] app_logger.ALERT: Trying to book: Rowell [] []
[2023-04-25T12:25:56.523558+02:00] app_logger.DEBUG: Result: SUCCESS [] []
[2023-04-25T12:25:56.523678+02:00] app_logger.DEBUG: Request submitted {"id":"CUS0000031","firstname":"Rowell","lastname":"Ongjuanco","phone":"09501232525","email":"rdongjiangco@gmail.com","area":"Sumacab","city":"Nueva Ecija","request":"Carpenter","dateofreq":"2023-04-25","authid":"AUTH000002","aflag":0,"transflag":0} []
[2023-04-25T12:26:46.840256+02:00] app_logger.ALERT: Trying to book: Rowell [] []
[2023-04-25T12:26:53.145551+02:00] app_logger.DEBUG: Result: SUCCESS [] []
[2023-04-25T12:26:53.145646+02:00] app_logger.DEBUG: Request submitted {"id":"CUS0000032","firstname":"Rowell","lastname":"dizon","phone":"09501232525","email":"rdongjiangco@gmail.com","area":"Sumacab","city":"Nueva Ecija","request":"Electrician","dateofreq":"2023-04-25","authid":"AUTH000003","aflag":0,"transflag":0} []
[2023-04-25T12:27:58.379388+02:00] app_logger.ALERT: Trying to book: Rowell [] []
[2023-04-25T13:16:16.459922+02:00] logger.DEBUG: Result: SUCCESS [] []
[2023-04-25T13:47:07.198009+02:00] app_logger.ALERT: Trying to book: Hemerson [] []
[2023-04-25T13:48:05.008016+02:00] app_logger.ALERT: Trying to book: Hemerson [] []
[2023-04-25T13:48:10.212245+02:00] app_logger.DEBUG: Result: SUCCESS [] []
[2023-04-25T13:48:10.212340+02:00] app_logger.DEBUG: Request submitted {"id":"CUS0000000","firstname":"Hemerson","lastname":"Ramiro","phone":"09777325694","email":"jamerkelly09877@gmail.com","area":"Sumacab","city":"Nueva Ecija","request":"Plumber","dateofreq":"2023-04-25","authid":"AUTH000000","aflag":0,"transflag":0} []
[2023-04-25T13:52:37.512335+02:00] app_logger.ALERT: Trying to book: Hemerson [] []
[2023-04-25T13:52:42.769937+02:00] app_logger.DEBUG: Result: SUCCESS [] []
[2023-04-25T13:52:42.770025+02:00] app_logger.DEBUG: Request submitted {"id":"CUS0000001","firstname":"Hemerson","lastname":"Ramiro","phone":"09777325694","email":"jamerkelly09877@protonmail.com","area":"Sumacab","city":"Nueva Ecija","request":"Plumber","dateofreq":"2023-04-25","authid":"AUTH000000","aflag":0,"transflag":0} []
[2023-04-25T13:53:07.951627+02:00] logger.DEBUG: Result: SUCCESS [] []
[2023-04-25T13:59:58.626419+02:00] app_logger.ALERT: Trying to book: Hemerson [] []
[2023-04-25T14:00:03.823097+02:00] app_logger.DEBUG: Result: SUCCESS [] []
[2023-04-25T14:00:03.823180+02:00] app_logger.DEBUG: Request submitted {"id":"CUS0000002","firstname":"Hemerson","lastname":"Ramiro","phone":"09777325694","email":"jamerkelly09877@protonmail.com","area":"Gapan City","city":"Nueva Ecija","request":"AC and Refrigerator","dateofreq":"2023-04-25","authid":"AUTH000004","aflag":0,"transflag":0} []
[2023-04-25T14:00:16.296433+02:00] logger.DEBUG: Result: SUCCESS [] []
[2023-04-25T14:01:26.778873+02:00] logger.DEBUG: Result: SUCCESS [] []
[2023-04-25T14:01:46.362145+02:00] app_logger.ALERT: Trying to book: Hemerson [] []
[2023-04-25T14:01:51.144211+02:00] app_logger.DEBUG: Result: SUCCESS [] []
[2023-04-25T14:01:51.144305+02:00] app_logger.DEBUG: Request submitted {"id":"CUS0000003","firstname":"Hemerson","lastname":"Ramiro","phone":"09777325694","email":"jamerkelly09877@protonmail.com","area":"Palayan City","city":"Nueva Ecija","request":"Plumber","dateofreq":"2023-04-25","authid":"AUTH000000","aflag":0,"transflag":0} []
[2023-04-25T14:01:56.461586+02:00] app_logger.ALERT: Trying to book: Hemerson [] []
[2023-04-25T14:02:00.281704+02:00] app_logger.ALERT: Trying to book: Hemerson [] []
[2023-04-25T14:02:04.488548+02:00] app_logger.ALERT: Trying to book: Hemerson [] []
[2023-04-25T14:02:08.449333+02:00] app_logger.DEBUG: Result: SUCCESS [] []
[2023-04-25T14:02:08.449438+02:00] app_logger.DEBUG: Request submitted {"id":"CUS0000004","firstname":"Hemerson","lastname":"Ramiro","phone":"09777325694","email":"jamerkelly09877@protonmail.com","area":"Palayan City","city":"Nueva Ecija","request":"Plumber","dateofreq":"2023-04-25","authid":"AUTH000000","aflag":0,"transflag":0} []
[2023-04-25T14:02:25.629620+02:00] app_logger.ALERT: Trying to book: Jamer [] []
[2023-04-25T14:02:29.648788+02:00] app_logger.DEBUG: Result: SUCCESS [] []
[2023-04-25T14:02:29.648880+02:00] app_logger.DEBUG: Request submitted {"id":"CUS0000005","firstname":"Jamer","lastname":"Ramiro","phone":"09777325694","email":"jamerkelly09877@gmail.com","area":"Gapan City","city":"Nueva Ecija","request":"Electrician","dateofreq":"2023-04-25","authid":"AUTH000001","aflag":0,"transflag":0} []
[2023-04-25T14:02:53.015870+02:00] logger.DEBUG: Result: SUCCESS [] []
[2023-04-25T17:07:13.605212+02:00] logger.CRITICAL: Trying to login for authorizer: jamer alabIETI0074 [] []
[2023-04-25T17:07:29.812582+02:00] logger.DEBUG: Result: SUCCESS [] []
[2023-04-25T17:11:53.898869+02:00] logger.DEBUG: Result: SUCCESS [] []
[2023-04-26T04:48:01.414580+02:00] app_logger.ALERT: Trying to book: Hemerson [] []
[2023-04-26T04:48:06.813592+02:00] app_logger.DEBUG: Result: SUCCESS [] []
[2023-04-26T04:48:06.813672+02:00] app_logger.DEBUG: Request submitted {"id":"CUS0000000","firstname":"Hemerson","lastname":"Ramiro","phone":"09272337996","email":"jamerkelly09877@protonmail.com","area":"Sumacab","city":"Nueva Ecija","request":"Plumber","dateofreq":"2023-04-26","authid":"AUTH000000","aflag":0,"transflag":0} []
[2023-04-26T04:49:04.222411+02:00] app_logger.ALERT: Trying to book: Hemerson [] []
[2023-04-26T04:49:09.388243+02:00] app_logger.DEBUG: Result: SUCCESS [] []
[2023-04-26T04:49:09.388329+02:00] app_logger.DEBUG: Request submitted {"id":"CUS0000001","firstname":"Hemerson","lastname":"Ramiro","phone":"09272337996","email":"jamerkelly09877@protonmail.com","area":"Palayan City","city":"Nueva Ecija","request":"Plumber","dateofreq":"2023-04-26","authid":"AUTH000000","aflag":0,"transflag":0} []
[2023-04-26T04:49:29.502084+02:00] app_logger.ALERT: Trying to book: Rowell [] []
[2023-04-26T04:49:32.182937+02:00] app_logger.ALERT: Trying to book: Rowell [] []
[2023-04-26T04:49:34.576226+02:00] app_logger.DEBUG: Result: SUCCESS [] []
[2023-04-26T04:49:34.576310+02:00] app_logger.DEBUG: Request submitted {"id":"CUS0000002","firstname":"Rowell","lastname":"Ongjiangco","phone":"09272337996","email":"jamerkelly09877@protonmail.com","area":"Sumacab","city":"Nueva Ecija","request":"Electrician","dateofreq":"2023-04-26","authid":"AUTH000001","aflag":0,"transflag":0} []
[2023-04-26T04:50:19.374621+02:00] app_logger.ALERT: Trying to book: Rowell [] []
[2023-04-26T04:50:58.199869+02:00] app_logger.ALERT: Trying to book: Hemerson [] []
[2023-04-26T04:51:00.409408+02:00] app_logger.ALERT: Trying to book: Hemerson [] []
[2023-04-26T04:51:03.678348+02:00] app_logger.DEBUG: Result: SUCCESS [] []
[2023-04-26T04:51:03.678452+02:00] app_logger.DEBUG: Request submitted {"id":"CUS0000003","firstname":"Hemerson","lastname":"Ramiro","phone":"09272337996","email":"jamerkelly09877@protonmail.com","area":"Sumacab","city":"Nueva Ecija","request":"Electrician","dateofreq":"2023-04-26","authid":"AUTH000001","aflag":0,"transflag":0} []
[2023-04-26T04:51:07.119808+02:00] app_logger.ALERT: Trying to book: Hemerson [] []
[2023-04-26T04:52:10.125640+02:00] app_logger.ALERT: Trying to book: Hemerson [] []
[2023-04-26T04:52:15.052318+02:00] app_logger.DEBUG: Result: SUCCESS [] []
[2023-04-26T04:52:15.052400+02:00] app_logger.DEBUG: Request submitted {"id":"CUS0000004","firstname":"Hemerson","lastname":"Ramiro","phone":"09272337996","email":"jamerkelly0987722@protonmail.com","area":"Sumacab","city":"Nueva Ecija","request":"Plumber","dateofreq":"2023-04-26","authid":"AUTH000000","aflag":0,"transflag":0} []
[2023-04-26T04:53:00.321395+02:00] app_logger.ALERT: Trying to book: Hemerson [] []
[2023-04-26T04:53:05.437727+02:00] app_logger.DEBUG: Result: SUCCESS [] []
[2023-04-26T04:53:05.437802+02:00] app_logger.DEBUG: Request submitted {"id":"CUS0000002","firstname":"Hemerson","lastname":"Ramiro","phone":"09272337996","email":"jamerkelly09877@protonmail.com","area":"Palayan City","city":"Nueva Ecija","request":"Carpenter","dateofreq":"2023-04-26","authid":"AUTH000002","aflag":0,"transflag":0} []
[2023-04-26T04:54:11.122825+02:00] app_logger.ALERT: Trying to book: Rowell [] []
[2023-04-26T04:54:19.948260+02:00] app_logger.ALERT: Trying to book: Hemerson [] []
[2023-04-26T04:54:25.318789+02:00] app_logger.DEBUG: Result: SUCCESS [] []
[2023-04-26T04:54:25.318890+02:00] app_logger.DEBUG: Request submitted {"id":"CUS0000003","firstname":"Hemerson","lastname":"Ramiro","phone":"09272337996","email":"jamerkelly09877@protonmail.com","area":"Sumacab","city":"Nueva Ecija","request":"Electrician","dateofreq":"2023-04-26","authid":"AUTH000001","aflag":0,"transflag":0} []
[2023-04-26T04:55:36.933576+02:00] logger.DEBUG: Result: SUCCESS [] []
[2023-04-26T04:56:43.128839+02:00] logger.DEBUG: Result: SUCCESS [] []
[2023-04-26T04:57:18.348748+02:00] logger.DEBUG: Result: SUCCESS [] []
[2023-04-26T04:58:35.199956+02:00] app_logger.ALERT: Trying to book: Hemerson [] []
[2023-04-26T04:58:40.318798+02:00] app_logger.DEBUG: Result: SUCCESS [] []
[2023-04-26T04:58:40.318885+02:00] app_logger.DEBUG: Request submitted {"id":"CUS0000004","firstname":"Hemerson","lastname":"Ramiro","phone":"09272337996","email":"jamerkelly09877@protonmail.com","area":"Palayan City","city":"Nueva Ecija","request":"Electrician","dateofreq":"2023-04-26","authid":"AUTH000001","aflag":0,"transflag":0} []
[2023-04-26T04:59:18.043095+02:00] logger.CRITICAL: Trying to login for authorizer: jamer02 alabMEME2 [] []
[2023-04-26T04:59:27.623003+02:00] logger.DEBUG: Result: SUCCESS [] []
[2023-04-26T04:59:56.994642+02:00] logger.DEBUG: Result: SUCCESS [] []
[2023-04-26T05:01:45.891134+02:00] logger.DEBUG: Result: SUCCESS [] []
[2023-04-26T05:02:25.008526+02:00] app_logger.ALERT: Trying to book: Rowell [] []
[2023-04-26T05:02:25.388428+02:00] app_logger.ALERT: Trying to book: Rowell [] []
[2023-04-26T05:02:28.682471+02:00] app_logger.ALERT: Trying to book: Rowell [] []
[2023-04-26T05:02:30.536881+02:00] app_logger.DEBUG: Result: SUCCESS [] []
[2023-04-26T05:02:30.537006+02:00] app_logger.DEBUG: Request submitted {"id":"CUS0000005","firstname":"Rowell","lastname":"Ramiro","phone":"09777325694","email":"jamerkelly0987722@protonmail.com","area":"Palayan City","city":"Nueva Ecija","request":"Electrician","dateofreq":"2023-04-26","authid":"AUTH000001","aflag":0,"transflag":0} []
[2023-04-26T05:02:30.544677+02:00] app_logger.ALERT: Trying to book: Rowell [] []
[2023-04-26T05:02:50.649978+02:00] app_logger.ALERT: Trying to book: Hemerson [] []
[2023-04-26T05:02:52.554698+02:00] app_logger.ALERT: Trying to book: Hemerson [] []
[2023-04-26T05:02:54.996271+02:00] app_logger.ALERT: Trying to book: Hemerson [] []
[2023-04-26T05:02:56.683771+02:00] app_logger.DEBUG: Result: SUCCESS [] []
[2023-04-26T05:02:56.683897+02:00] app_logger.DEBUG: Request submitted {"id":"CUS0000006","firstname":"Hemerson","lastname":"Ramiro","phone":"09777325694","email":"jamerkelly0987722@protonmail.com","area":"Palayan City","city":"Nueva Ecija","request":"Electrician","dateofreq":"2023-04-26","authid":"AUTH000001","aflag":0,"transflag":0} []
[2023-04-26T05:03:38.244409+02:00] app_logger.ALERT: Trying to book: Hemerson [] []
[2023-04-26T05:03:44.194909+02:00] app_logger.DEBUG: Result: SUCCESS [] []
[2023-04-26T05:03:44.194992+02:00] app_logger.DEBUG: Request submitted {"id":"CUS0000005","firstname":"Hemerson","lastname":"Ramiro","phone":"09777325694","email":"jamerkelly0987722@protonmail.com","area":"Palayan City","city":"Nueva Ecija","request":"Electrician","dateofreq":"2023-04-26","authid":"AUTH000001","aflag":0,"transflag":0} []
[2023-04-26T05:03:55.420848+02:00] logger.DEBUG: Result: SUCCESS [] []
[2023-04-26T07:47:47.976067+02:00] logger.DEBUG: Result: SUCCESS [] []
[2023-04-26T07:48:02.335860+02:00] app_logger.ALERT: Trying to book: Hemerson [] []
[2023-04-26T07:48:33.785755+02:00] app_logger.ALERT: Trying to book: Hemerson [] []
[2023-04-26T07:48:38.890178+02:00] app_logger.DEBUG: Result: SUCCESS [] []
[2023-04-26T07:48:38.890260+02:00] app_logger.DEBUG: Request submitted {"id":"CUS0000006","firstname":"Hemerson","lastname":"Ramiro","phone":"09777325694","email":"jamerkelly09877@protonmail.com","area":"Sumacab","city":"Nueva Ecija","request":"Plumber","dateofreq":"2023-04-26","authid":"AUTH000000","aflag":0,"transflag":0} []
[2023-04-26T07:48:53.708922+02:00] app_logger.ALERT: Trying to book: Rowell [] []
[2023-04-26T07:48:58.551558+02:00] app_logger.DEBUG: Result: SUCCESS [] []
[2023-04-26T07:48:58.551645+02:00] app_logger.DEBUG: Request submitted {"id":"CUS0000007","firstname":"Rowell","lastname":"Ramiro","phone":"09777325694","email":"jamerkelly0987722@protonmail.com","area":"San Antonio","city":"Nueva Ecija","request":"Plumber","dateofreq":"2023-04-26","authid":"AUTH000000","aflag":0,"transflag":0} []
[2023-04-26T08:01:51.379046+02:00] app_logger.ALERT: Trying to book: Hemerson [] []
[2023-04-26T08:01:51.418130+02:00] app_logger.ERROR: No authoriser found for Nueva Ecija [] []
[2023-04-26T08:02:23.044082+02:00] app_logger.ALERT: Trying to book: Hemerson [] []
[2023-04-26T08:02:23.045866+02:00] app_logger.ERROR: No authoriser found for Nueva Ecija [] []
[2023-04-26T08:03:37.248051+02:00] app_logger.ALERT: Trying to book: Hemerson [] []
[2023-04-26T08:03:37.250621+02:00] app_logger.ERROR: No authoriser found for Nueva Ecija [] []
[2023-04-26T08:03:50.260602+02:00] app_logger.ALERT: Trying to book: Hemerson [] []
[2023-04-26T08:03:50.262357+02:00] app_logger.ERROR: No authoriser found for Nueva Ecija [] []
[2023-04-26T08:04:04.797153+02:00] app_logger.ALERT: Trying to book: Hemerson [] []
[2023-04-26T08:04:04.801765+02:00] app_logger.ERROR: No authoriser found for Nueva Ecija [] []
[2023-04-26T08:04:39.825850+02:00] app_logger.ALERT: Trying to book: Hemerson [] []
[2023-04-26T08:04:39.830266+02:00] app_logger.ERROR: No authoriser found for Nueva Ecija [] []
[2023-04-26T08:04:48.059692+02:00] app_logger.ALERT: Trying to book:  [] []
[2023-04-26T16:30:57.819932+02:00] logger.DEBUG: Result: SUCCESS [] []
[2023-04-26T16:46:43.172917+02:00] logger.DEBUG: Result: SUCCESS [] []
[2023-04-26T17:28:51.774882+02:00] logger.DEBUG: Result: SUCCESS [] []
[2023-04-27T05:05:16.463537+02:00] app_logger.ALERT: Trying to book: Rowell [] []
[2023-04-27T05:05:24.644399+02:00] app_logger.DEBUG: Result: SUCCESS [] []
[2023-04-27T05:05:24.644482+02:00] app_logger.DEBUG: Request submitted {"id":"CUS0000008","firstname":"Rowell","lastname":"Ramiro","phone":"09272337996","email":"jamerkelly09877@protonmail.com","area":"Palayan City","city":"Nueva Ecija","request":"Plumber","dateofreq":"2023-04-27","authid":"AUTH000000","aflag":0,"transflag":0} []
[2023-04-27T13:01:06.788721+02:00] logger.CRITICAL: Trying to login for authorizer: jamer01 ALABmeme1 [] []
[2023-04-27T13:01:14.431965+02:00] logger.DEBUG: Result: SUCCESS [] []
[2023-04-27T16:42:54.415360+02:00] app_logger.ALERT: Trying to book:  [] []
[2023-04-27T16:43:47.170087+02:00] app_logger.ALERT: Trying to book: jamer [] []
[2023-04-27T16:43:53.903886+02:00] app_logger.DEBUG: Result: SUCCESS [] []
[2023-04-27T16:43:53.903970+02:00] app_logger.DEBUG: Request submitted {"id":"CUS0000009","firstname":"jamer","lastname":"ramiro","phone":"09777325694","email":"jamercute@jamer05.ml","area":"Sumacab","city":"Nueva Ecija","request":"Plumber","dateofreq":"2023-04-27","authid":"AUTH000000","aflag":0,"transflag":0} []
[2023-04-27T16:44:12.715825+02:00] app_logger.ALERT: Trying to book: jamer [] []
[2023-04-27T16:44:17.562154+02:00] app_logger.DEBUG: Result: SUCCESS [] []
[2023-04-27T16:44:17.562254+02:00] app_logger.DEBUG: Request submitted {"id":"CUS0000010","firstname":"jamer","lastname":"Ramiro","phone":"09777325694","email":"hemersonsr.77@gmail.com","area":"Sumacab","city":"Nueva Ecija","request":"Electrician","dateofreq":"2023-04-27","authid":"AUTH000001","aflag":0,"transflag":0} []
[2023-04-27T16:46:18.494471+02:00] app_logger.ALERT: Trying to book:  [] []
[2023-04-27T16:46:19.511562+02:00] app_logger.ALERT: Trying to book:  [] []
[2023-04-27T16:46:20.493122+02:00] app_logger.ALERT: Trying to book:  [] []
[2023-04-27T16:46:21.502206+02:00] app_logger.ALERT: Trying to book:  [] []
[2023-04-27T16:46:22.511476+02:00] app_logger.ALERT: Trying to book:  [] []
[2023-04-27T16:46:23.497213+02:00] app_logger.ALERT: Trying to book:  [] []
[2023-04-27T16:46:24.494363+02:00] app_logger.ALERT: Trying to book:  [] []
[2023-04-27T16:46:25.512048+02:00] app_logger.ALERT: Trying to book:  [] []
[2023-04-27T16:46:26.495855+02:00] app_logger.ALERT: Trying to book:  [] []
[2023-04-27T16:46:27.509982+02:00] app_logger.ALERT: Trying to book:  [] []
[2023-04-27T16:46:28.511855+02:00] app_logger.ALERT: Trying to book:  [] []
[2023-04-27T16:46:29.512095+02:00] app_logger.ALERT: Trying to book:  [] []
[2023-04-27T16:46:30.511852+02:00] app_logger.ALERT: Trying to book:  [] []
[2023-04-27T16:46:31.505207+02:00] app_logger.ALERT: Trying to book:  [] []
[2023-04-27T16:46:32.511534+02:00] app_logger.ALERT: Trying to book:  [] []
[2023-04-27T16:46:33.511572+02:00] app_logger.ALERT: Trying to book:  [] []
[2023-04-27T16:46:34.493142+02:00] app_logger.ALERT: Trying to book:  [] []
[2023-04-27T16:46:35.493113+02:00] app_logger.ALERT: Trying to book:  [] []
[2023-04-27T16:46:36.506253+02:00] app_logger.ALERT: Trying to book:  [] []
[2023-04-27T16:46:37.498953+02:00] app_logger.ALERT: Trying to book:  [] []
[2023-04-27T16:46:38.953034+02:00] app_logger.ALERT: Trying to book:  [] []
[2023-04-27T16:46:40.743763+02:00] app_logger.ALERT: Trying to book:  [] []
[2023-04-27T16:46:41.746103+02:00] app_logger.ALERT: Trying to book:  [] []
[2023-04-27T16:46:43.753839+02:00] app_logger.ALERT: Trying to book:  [] []
[2023-04-27T16:46:44.746286+02:00] app_logger.ALERT: Trying to book:  [] []
[2023-04-27T16:46:45.738944+02:00] app_logger.ALERT: Trying to book:  [] []
[2023-04-27T16:46:46.733546+02:00] app_logger.ALERT: Trying to book:  [] []
[2023-04-27T16:46:47.749999+02:00] app_logger.ALERT: Trying to book:  [] []
[2023-04-27T16:46:48.733254+02:00] app_logger.ALERT: Trying to book:  [] []
[2023-04-27T16:46:49.733580+02:00] app_logger.ALERT: Trying to book:  [] []
[2023-04-27T16:46:50.747472+02:00] app_logger.ALERT: Trying to book:  [] []
[2023-04-27T16:46:51.733147+02:00] app_logger.ALERT: Trying to book:  [] []
[2023-04-27T16:46:52.736573+02:00] app_logger.ALERT: Trying to book:  [] []
[2023-04-27T16:46:53.734733+02:00] app_logger.ALERT: Trying to book:  [] []
[2023-04-27T16:46:54.751305+02:00] app_logger.ALERT: Trying to book:  [] []
[2023-04-27T16:46:55.751691+02:00] app_logger.ALERT: Trying to book:  [] []
[2023-04-27T16:46:56.742428+02:00] app_logger.ALERT: Trying to book:  [] []
[2023-04-27T16:46:57.749451+02:00] app_logger.ALERT: Trying to book:  [] []
[2023-04-27T16:46:58.742975+02:00] app_logger.ALERT: Trying to book:  [] []
[2023-04-27T16:46:59.753448+02:00] app_logger.ALERT: Trying to book:  [] []
[2023-04-27T16:47:00.733586+02:00] app_logger.ALERT: Trying to book:  [] []
[2023-04-27T16:47:01.733173+02:00] app_logger.ALERT: Trying to book:  [] []
[2023-04-27T16:47:02.738383+02:00] app_logger.ALERT: Trying to book:  [] []
[2023-04-27T16:47:03.751964+02:00] app_logger.ALERT: Trying to book:  [] []
[2023-04-27T16:47:04.734678+02:00] app_logger.ALERT: Trying to book:  [] []
[2023-04-27T16:47:05.733253+02:00] app_logger.ALERT: Trying to book:  [] []
[2023-04-27T16:47:06.752210+02:00] app_logger.ALERT: Trying to book:  [] []
[2023-04-27T16:47:07.751918+02:00] app_logger.ALERT: Trying to book:  [] []
[2023-04-27T16:47:08.751917+02:00] app_logger.ALERT: Trying to book:  [] []
[2023-04-27T16:47:09.752078+02:00] app_logger.ALERT: Trying to book:  [] []
[2023-04-27T16:47:10.760014+02:00] app_logger.ALERT: Trying to book:  [] []
[2023-04-27T16:47:11.749058+02:00] app_logger.ALERT: Trying to book:  [] []
[2023-04-27T16:47:12.751911+02:00] app_logger.ALERT: Trying to book:  [] []
[2023-04-27T16:47:13.733727+02:00] app_logger.ALERT: Trying to book:  [] []
[2023-04-27T16:47:14.753477+02:00] app_logger.ALERT: Trying to book:  [] []
[2023-04-27T17:00:26.456687+02:00] app_logger.ALERT: Trying to book: jamer [] []
[2023-04-27T17:00:31.704734+02:00] app_logger.DEBUG: Result: SUCCESS [] []
[2023-04-27T17:00:31.704813+02:00] app_logger.DEBUG: Request submitted {"id":"CUS0000011","firstname":"jamer","lastname":"Ramiro","phone":"09777325694","email":"hemersonsr.77@gmail.com","area":"Sumacab","city":"Nueva Ecija","request":"Electrician","dateofreq":"2023-04-27","authid":"AUTH000001","aflag":0,"transflag":0} []
[2023-04-27T17:08:27.166629+02:00] app_logger.ALERT: Trying to book: jamer [] []
[2023-04-27T17:08:31.259477+02:00] app_logger.DEBUG: Result: SUCCESS [] []
[2023-04-27T17:08:31.259561+02:00] app_logger.DEBUG: Request submitted {"id":"CUS0000012","firstname":"jamer","lastname":"Ramiro","phone":"09777325694","email":"hemersonsr.77@gmail.com","area":"Sumacab","city":"Nueva Ecija","request":"Plumber","dateofreq":"2023-04-27","authid":"AUTH000000","aflag":0,"transflag":0} []
[2023-04-27T17:08:51.384517+02:00] app_logger.ALERT: Trying to book: jamer [] []
[2023-04-27T17:08:55.119551+02:00] app_logger.DEBUG: Result: SUCCESS [] []
[2023-04-27T17:08:55.119631+02:00] app_logger.DEBUG: Request submitted {"id":"CUS0000013","firstname":"jamer","lastname":"Ramiro","phone":"09777325694","email":"jamerkelly09877@gmail.com","area":"Sumacab","city":"Nueva Ecija","request":"Electrician","dateofreq":"2023-04-27","authid":"AUTH000001","aflag":0,"transflag":0} []
[2023-04-27T17:09:45.565425+02:00] app_logger.ALERT: Trying to book: jamer [] []
[2023-04-27T17:09:49.700821+02:00] app_logger.DEBUG: Result: SUCCESS [] []
[2023-04-27T17:09:49.700900+02:00] app_logger.DEBUG: Request submitted {"id":"CUS0000014","firstname":"jamer","lastname":"Ramiro","phone":"09777325694","email":"hemersonsr.77@gmail.com","area":"Sumacab","city":"Nueva Ecija","request":"Electrician","dateofreq":"2023-04-27","authid":"AUTH000001","aflag":0,"transflag":0} []
[2023-04-27T17:20:26.125904+02:00] app_logger.ALERT: Trying to book: jamer [] []
[2023-04-27T17:20:30.927566+02:00] app_logger.DEBUG: Result: SUCCESS [] []
[2023-04-27T17:20:30.927651+02:00] app_logger.DEBUG: Request submitted {"id":"CUS0000015","firstname":"jamer","lastname":"Ramiro","phone":"09777325694","email":"hemersonsr.77@gmail.com","area":"Sumacab","city":"Nueva Ecija","request":"Electrician","dateofreq":"2023-04-27","authid":"AUTH000001","aflag":0,"transflag":0} []
[2023-04-27T17:22:09.160383+02:00] app_logger.ALERT: Trying to book: jamer [] []
[2023-04-27T17:22:13.861552+02:00] app_logger.DEBUG: Result: SUCCESS [] []
[2023-04-27T17:22:13.861634+02:00] app_logger.DEBUG: Request submitted {"id":"CUS0000016","firstname":"jamer","lastname":"Ramiro","phone":"09777325694","email":"hemersonsr.77@gmail.com","area":"Sumacab","city":"Nueva Ecija","request":"Electrician","dateofreq":"2023-04-27","authid":"AUTH000001","aflag":0,"transflag":0} []
[2023-04-28T15:10:38.804617+02:00] logger.DEBUG: Result: SUCCESS [] []
[2023-04-28T15:12:11.793715+02:00] logger.DEBUG: Result: SUCCESS [] []
[2023-04-30T16:10:02.792180+02:00] app_logger.ALERT: Trying to book:  [] []
[2023-05-01T01:35:12.571816+02:00] logger.DEBUG: Result: SUCCESS [] []
[2023-05-01T02:35:15.597422+02:00] app_logger.ALERT: Trying to book: Hemerson [] []
[2023-05-01T02:35:29.013015+02:00] app_logger.ALERT: Trying to book: Hemerson [] []
[2023-05-01T02:35:31.586483+02:00] app_logger.ALERT: Trying to book: Hemerson [] []
[2023-05-01T02:36:55.420492+02:00] app_logger.ALERT: Trying to book: Hemerson [] []
[2023-05-01T02:37:50.602375+02:00] app_logger.ALERT: Trying to book: Hemerson [] []
[2023-05-01T02:39:35.971399+02:00] app_logger.ALERT: Trying to book: Hemerson [] []
[2023-05-01T02:41:36.669857+02:00] app_logger.ALERT: Trying to book: Hemerson [] []
[2023-05-01T02:43:36.026742+02:00] app_logger.ALERT: Trying to book: Hemerson [] []
[2023-05-01T02:55:31.391472+02:00] app_logger.ALERT: Trying to book: Hemerson [] []
[2023-05-01T02:55:52.007646+02:00] app_logger.ALERT: Trying to book: Hemerson [] []
[2023-05-01T02:59:32.452496+02:00] app_logger.ALERT: Trying to book: Hemerson [] []
[2023-05-01T02:59:36.537437+02:00] app_logger.DEBUG: Result: SUCCESS [] []
[2023-05-01T02:59:36.537523+02:00] app_logger.DEBUG: Request submitted {"id":"CUS0000018","firstname":"Hemerson","lastname":"Ramiro","phone":"09777325694","email":"jamerkelly09877@protonmail.com","area":"Sumacab","city":"Nueva Ecija","request":"Plumber","dateofreq":"2023-05-01","authid":"AUTH000000","aflag":0,"transflag":0} []
[2023-05-01T03:05:28.278377+02:00] app_logger.ALERT: Trying to book: Hemerson [] []
[2023-05-01T03:06:21.855291+02:00] app_logger.ALERT: Trying to book: Hemerson [] []
[2023-05-01T03:06:26.266053+02:00] app_logger.DEBUG: Result: SUCCESS [] []
[2023-05-01T03:06:26.266140+02:00] app_logger.DEBUG: Request submitted {"id":"CUS0000019","firstname":"Hemerson","lastname":"Ramiro","phone":"09777325694","email":"jamerkelly09877@protonmail.com","area":"Sumacab","city":"Nueva Ecija","request":"Plumber","dateofreq":"2023-05-01","authid":"AUTH000000","aflag":0,"transflag":0} []
[2023-05-01T03:06:56.479566+02:00] logger.DEBUG: Result: SUCCESS [] []
[2023-05-01T03:15:57.992517+02:00] logger.DEBUG: Result: SUCCESS [] []
[2023-05-01T03:18:57.143762+02:00] app_logger.ALERT: Trying to book: Hemerson [] []
[2023-05-01T03:19:03.322551+02:00] app_logger.DEBUG: Result: SUCCESS [] []
[2023-05-01T03:19:03.322637+02:00] app_logger.DEBUG: Request submitted {"id":"CUS0000020","firstname":"Hemerson","lastname":"Ramiro","phone":"09272337996","email":"jamerkelly09877@protonmail.com","area":"Sumacab","city":"Nueva Ecija","request":"Plumber","dateofreq":"2023-05-01","authid":"AUTH000000","aflag":0,"transflag":0} []
[2023-05-01T03:19:14.890478+02:00] logger.CRITICAL: Trying to login for authorizer: jamer alabMEME1` [] []
[2023-05-01T03:19:19.733758+02:00] logger.DEBUG: Result: SUCCESS [] []
[2023-05-01T03:54:47.673688+02:00] app_logger.ALERT: Trying to book:  [] []
[2023-05-01T15:22:58.423656+02:00] logger.DEBUG: Result: SUCCESS [] []
[2023-05-01T16:48:52.223438+02:00] app_logger.ALERT: Trying to book:  [] []
[2023-05-01T16:49:33.341494+02:00] app_logger.ALERT: Trying to book:  [] []
[2023-05-02T00:59:06.320484+02:00] app_logger.ALERT: Trying to book:  [] []
[2023-05-02T02:47:33.389467+02:00] logger.DEBUG: Result: SUCCESS [] []
[2023-05-02T03:14:04.748136+02:00] app_logger.ALERT: Trying to book: Hemerson [] []
[2023-05-02T03:14:18.668828+02:00] app_logger.ALERT: Trying to book: Hemerson [] []
[2023-05-02T03:14:59.620733+02:00] app_logger.ALERT: Trying to book: Hemerson [] []
[2023-05-02T03:15:31.384580+02:00] app_logger.ALERT: Trying to book: Hemerson [] []
[2023-05-02T03:15:58.414967+02:00] app_logger.ALERT: Trying to book: Hemerson [] []
[2023-05-02T03:16:13.175039+02:00] app_logger.ALERT: Trying to book: Hemerson [] []
[2023-05-02T03:16:35.741218+02:00] app_logger.ALERT: Trying to book: Hemerson [] []
[2023-05-02T03:16:44.268647+02:00] app_logger.DEBUG: Result: SUCCESS [] []
[2023-05-02T03:16:44.268730+02:00] app_logger.DEBUG: Request submitted {"id":"CUS0000021","firstname":"Hemerson","lastname":"Ramiro","phone":"09272337996","email":"jamerkelly09877@protonmail.com","area":"Sumacab","city":"Nueva Ecija","request":"Plumber","dateofreq":"2023-05-02","authid":"AUTH000000","aflag":0,"transflag":0} []
[2023-05-02T03:19:03.278664+02:00] logger.DEBUG: Result: SUCCESS [] []
[2023-05-02T03:39:30.984245+02:00] app_logger.ALERT: Trying to book: Hemerson [] []
[2023-05-02T03:39:34.061356+02:00] app_logger.ALERT: Trying to book: Hemerson [] []
[2023-05-02T03:39:59.749074+02:00] app_logger.ALERT: Trying to book: Hemerson [] []
[2023-05-02T03:40:03.931368+02:00] app_logger.DEBUG: Result: SUCCESS [] []
[2023-05-02T03:40:03.931454+02:00] app_logger.DEBUG: Request submitted {"id":"CUS0000022","firstname":"Hemerson","lastname":"Ramiro","phone":"09272337996","email":"jamerkelly09877@gmail.com","area":"Sumacab","city":"Nueva Ecija","request":"Plumber","dateofreq":"2023-05-02","authid":"AUTH000000","aflag":0,"transflag":0} []
[2023-05-02T03:44:47.351113+02:00] logger.DEBUG: Result: SUCCESS [] []
[2023-05-05T11:20:18.399179+02:00] logger.DEBUG: Result: SUCCESS [] []
[2023-05-05T13:30:56.350345+02:00] logger.DEBUG: Result: SUCCESS [] []
[2023-05-05T13:33:29.775797+02:00] logger.CRITICAL: Trying to login for authorizer: jamer alabMEME [] []
[2023-05-05T13:33:34.488581+02:00] logger.CRITICAL: Trying to login for authorizer: jamer alabMEME [] []
[2023-05-05T13:33:40.916636+02:00] logger.CRITICAL: Trying to login for authorizer: jamer alabMEME [] []
[2023-05-05T13:33:50.086411+02:00] logger.CRITICAL: Trying to login for authorizer: jamer01 alabMEME [] []
[2023-05-05T13:34:03.472661+02:00] logger.CRITICAL: Trying to login for authorizer: jamer alabMEME [] []
[2023-05-05T13:34:09.154405+02:00] logger.CRITICAL: Trying to login for authorizer: jamer alabMEME [] []
[2023-05-05T13:34:24.940373+02:00] logger.DEBUG: Result: SUCCESS [] []
[2023-05-05T13:37:26.740703+02:00] logger.DEBUG: Result: SUCCESS [] []
[2023-05-08T12:10:46.985625+02:00] logger.CRITICAL: Trying to login for authorizer:  [] []
[2023-06-15T02:14:03.837337+02:00] logger.CRITICAL: Trying to login for authorizer: jamer01 alabIETI0074 [] []
[2023-06-15T02:17:04.052145+02:00] logger.CRITICAL: Trying to login for authorizer: jamer01 alabMEME01 [] []
[2023-06-15T02:32:42.829282+02:00] logger.CRITICAL: Trying to login for authorizer: jamer01 alabIETI0074 [] []
[2023-06-15T03:05:51.797150+02:00] logger.DEBUG: Result: SUCCESS [] []
[2023-06-15T04:52:38.630121+02:00] app_logger.ALERT: Trying to book:  [] []
[2023-06-15T04:52:53.068808+02:00] app_logger.ALERT: Trying to book: Hemerson [] []
[2023-06-15T04:52:56.820084+02:00] app_logger.DEBUG: Result: SUCCESS [] []
[2023-06-15T04:52:56.820170+02:00] app_logger.DEBUG: Request submitted {"id":"CUS0000022","firstname":"Hemerson","lastname":"Ramiro","phone":"09777325694","email":"jamerkelly09877@protonmail.com","area":"Sumacab","city":"Nueva Ecija","request":"Plumber","dateofreq":"2023-06-15","authid":"AUTH000004","aflag":0,"transflag":0} []
[2023-06-15T04:53:20.582622+02:00] logger.DEBUG: Result: SUCCESS [] []
[2023-06-19T04:41:12.073631+02:00] logger.DEBUG: Result: SUCCESS [] []
[2023-06-19T04:42:18.136855+02:00] logger.DEBUG: Result: SUCCESS [] []
[2023-06-19T04:47:34.614874+02:00] logger.CRITICAL: Trying to login for authorizer: jamer01 alabIETI0074 [] []
[2023-06-19T04:51:55.390966+02:00] app_logger.ALERT: Trying to book: Jamer [] []
[2023-06-19T04:51:59.452664+02:00] app_logger.DEBUG: Result: SUCCESS [] []
[2023-06-19T04:51:59.452747+02:00] app_logger.DEBUG: Request submitted {"id":"CUS0000000","firstname":"Jamer","lastname":"Ramiro","phone":"09777325698","email":"jamerkelly09877@protonmail.com","area":"Sumacab","city":"Nueva Ecija","request":"Plumber","dateofreq":"2023-06-19","authid":"AUTH000004","aflag":0,"transflag":0} []
[2023-06-19T04:58:51.366267+02:00] logger.DEBUG: Result: SUCCESS [] []
[2023-06-19T04:59:26.710204+02:00] logger.DEBUG: Result: SUCCESS [] []
[2023-06-19T05:11:05.939354+02:00] logger.DEBUG: Result: SUCCESS [] []
[2023-06-19T05:19:53.952267+02:00] app_logger.ALERT: Trying to book: Jamer [] []
[2023-06-19T05:19:58.195191+02:00] app_logger.DEBUG: Result: SUCCESS [] []
[2023-06-19T05:19:58.195297+02:00] app_logger.DEBUG: Request submitted {"id":"CUS0000000","firstname":"Jamer","lastname":"Ramiro","phone":"09777325694","email":"jamerkelly09877@protonmail.com","area":"Sumacab","city":"Nueva Ecija","request":"Plumber","dateofreq":"2023-06-19","authid":"AUTH000004","aflag":0,"transflag":0} []
[2023-06-19T05:20:23.487875+02:00] logger.DEBUG: Result: SUCCESS [] []
[2023-06-19T05:45:37.259284+02:00] logger.CRITICAL: Trying to login for authorizer: Jamer01 alabMEME1 [] []
[2023-06-19T05:46:32.071148+02:00] logger.CRITICAL: Trying to login for worker: Jamer01 alabMEME1 [] []
[2023-06-19T05:48:26.608202+02:00] logger.DEBUG: Result: SUCCESS [] []
[2023-06-19T06:10:26.809860+02:00] app_logger.ALERT: Trying to book: Hemerson [] []
[2023-06-19T06:10:31.076112+02:00] app_logger.DEBUG: Result: SUCCESS [] []
[2023-06-19T06:10:31.076202+02:00] app_logger.DEBUG: Request submitted {"id":"CUS0000001","firstname":"Hemerson","lastname":"Ramiro","phone":"09777325694","email":"jamerkelly09877@protonmail.com","area":"Sumacab","city":"Nueva Ecija","request":"Plumber","dateofreq":"2023-06-19","authid":"AUTH000004","aflag":0,"transflag":0} []
[2023-06-19T06:10:49.390060+02:00] logger.DEBUG: Result: SUCCESS [] []
[2023-06-19T06:11:55.784305+02:00] app_logger.ALERT: Trying to book: Hemerson [] []
[2023-06-19T06:12:00.115938+02:00] app_logger.DEBUG: Result: SUCCESS [] []
[2023-06-19T06:12:00.116041+02:00] app_logger.DEBUG: Request submitted {"id":"CUS0000001","firstname":"Hemerson","lastname":"Ramiro","phone":"09777325698","email":"jamerkelly09877@protonmail.com","area":"Sumacab","city":"Nueva Ecija","request":"Plumber","dateofreq":"2023-06-19","authid":"AUTH000004","aflag":0,"transflag":0} []
[2023-06-19T06:12:13.791390+02:00] logger.DEBUG: Result: SUCCESS [] []
[2023-06-19T06:12:47.487942+02:00] logger.DEBUG: Result: SUCCESS [] []
[2023-06-19T06:12:53.608207+02:00] logger.DEBUG: Result: SUCCESS [] []
[2023-06-19T06:13:32.990943+02:00] logger.DEBUG: Result: SUCCESS [] []
[2023-06-19T06:15:47.392734+02:00] app_logger.ALERT: Trying to book:  [] []
[2023-06-19T06:19:08.930219+02:00] logger.DEBUG: Result: SUCCESS [] []
[2023-06-19T06:19:57.507321+02:00] logger.DEBUG: Result: SUCCESS [] []
[2023-06-19T06:20:18.621816+02:00] logger.DEBUG: Result: SUCCESS [] []
[2023-06-19T06:21:05.270946+02:00] logger.DEBUG: Result: SUCCESS [] []
[2023-06-19T06:21:37.165081+02:00] logger.DEBUG: Result: SUCCESS [] []
[2023-06-19T06:22:03.578877+02:00] logger.DEBUG: Result: SUCCESS [] []
[2023-06-19T06:22:35.558386+02:00] logger.DEBUG: Result: SUCCESS [] []
[2023-06-19T06:22:56.394902+02:00] logger.DEBUG: Result: SUCCESS [] []
[2023-06-19T06:24:01.291979+02:00] logger.DEBUG: Result: SUCCESS [] []
[2023-06-19T06:41:32.510053+02:00] app_logger.ALERT: Trying to book: asdf [] []
[2023-06-19T06:41:37.004650+02:00] app_logger.DEBUG: Result: SUCCESS [] []
[2023-06-19T06:41:37.004750+02:00] app_logger.DEBUG: Request submitted {"id":"CUS0000002","firstname":"asdf","lastname":"asdasd","phone":"09777325698","email":"jamerkelly09877@protonmail.com","area":"Sumacab","city":"Nueva Ecija","request":"Plumber","dateofreq":"2023-06-19","authid":"AUTH000004","aflag":0,"transflag":0} []
[2023-06-19T06:41:47.337425+02:00] logger.DEBUG: Result: SUCCESS [] []
[2023-06-19T06:42:27.180623+02:00] app_logger.ALERT: Trying to book: Hemerson [] []
[2023-06-19T06:42:31.561481+02:00] app_logger.DEBUG: Result: SUCCESS [] []
[2023-06-19T06:42:31.561563+02:00] app_logger.DEBUG: Request submitted {"id":"CUS0000003","firstname":"Hemerson","lastname":"Ramiro","phone":"09777325694","email":"jamerkelly09877@protonmail.com","area":"Sumacab","city":"Nueva Ecija","request":"Plumber","dateofreq":"2023-06-19","authid":"AUTH000004","aflag":0,"transflag":0} []
[2023-06-19T06:42:41.607141+02:00] logger.DEBUG: Result: SUCCESS [] []
[2023-06-19T06:43:01.488561+02:00] logger.DEBUG: Result: SUCCESS [] []
[2023-06-19T06:54:56.372595+02:00] logger.DEBUG: Result: SUCCESS [] []
[2023-06-19T06:56:12.449525+02:00] logger.DEBUG: Result: SUCCESS [] []
[2023-06-19T06:57:51.545516+02:00] logger.DEBUG: Result: SUCCESS [] []
[2023-06-19T07:29:14.993940+02:00] logger.DEBUG: Result: SUCCESS [] []
[2023-06-19T07:30:33.264465+02:00] logger.DEBUG: Result: SUCCESS [] []
[2023-06-19T07:33:25.576580+02:00] logger.DEBUG: Result: SUCCESS [] []
[2023-06-19T07:33:46.484640+02:00] app_logger.ALERT: Trying to book: asdasd [] []
[2023-06-19T07:33:50.721278+02:00] app_logger.DEBUG: Result: SUCCESS [] []
[2023-06-19T07:33:50.721381+02:00] app_logger.DEBUG: Request submitted {"id":"CUS0000004","firstname":"asdasd","lastname":"asdasd","phone":"09777325694","email":"jamerkelly09877@protonmail.com","area":"Sumacab","city":"Nueva Ecija","request":"Plumber","dateofreq":"2023-06-19","authid":"AUTH000004","aflag":0,"transflag":0} []
[2023-06-19T07:34:08.574106+02:00] logger.DEBUG: Result: SUCCESS [] []
[2023-06-19T07:35:33.528656+02:00] logger.DEBUG: Result: SUCCESS [] []
[2023-06-19T09:52:13.612491+02:00] logger.DEBUG: Result: SUCCESS [] []
[2023-06-21T03:09:45.020748+02:00] logger.DEBUG: Result: SUCCESS [] []
[2023-06-21T03:51:29.810029+02:00] logger.DEBUG: Result: SUCCESS [] []
[2023-06-21T03:52:21.383129+02:00] logger.DEBUG: Result: SUCCESS [] []
[2023-06-21T03:52:42.288221+02:00] app_logger.ALERT: Trying to book: Heyy [] []
[2023-06-21T03:52:46.243300+02:00] app_logger.DEBUG: Result: SUCCESS [] []
[2023-06-21T03:52:46.243637+02:00] app_logger.DEBUG: Request submitted {"id":"CUS0000005","firstname":"Heyy","lastname":"Jude ","phone":"09777325694","email":"jamerkelly09877@protonmail.com","area":"Sumacab","city":"Nueva Ecija","request":"Plumber","dateofreq":"2023-06-21","authid":"AUTH000004","aflag":0,"transflag":0} []
[2023-06-21T03:53:03.209798+02:00] logger.DEBUG: Result: SUCCESS [] []
[2023-06-21T03:53:50.634156+02:00] logger.DEBUG: Result: SUCCESS [] []
[2023-06-21T03:58:12.162915+02:00] logger.DEBUG: Result: SUCCESS [] []
[2023-06-21T03:59:08.230089+02:00] logger.DEBUG: Result: SUCCESS [] []
[2023-06-21T04:17:03.497238+02:00] logger.DEBUG: Result: SUCCESS [] []
[2023-06-21T04:20:34.421442+02:00] logger.DEBUG: Result: SUCCESS [] []
[2023-06-21T04:30:00.829752+02:00] app_logger.ALERT: Trying to book: adas [] []
[2023-06-21T04:30:05.145840+02:00] app_logger.DEBUG: Result: SUCCESS [] []
[2023-06-21T04:30:05.145945+02:00] app_logger.DEBUG: Request submitted {"id":"CUS0000006","firstname":"adas","lastname":"asdas","phone":"09777325698","email":"jamerkelly09877@protonmail.com","area":"Sumacab","city":"Nueva Ecija","request":"Plumber","dateofreq":"2023-06-21","authid":"AUTH000004","aflag":0,"transflag":0} []
[2023-06-21T04:30:17.377504+02:00] logger.DEBUG: Result: SUCCESS [] []
[2023-06-21T04:31:08.719725+02:00] logger.DEBUG: Result: SUCCESS [] []
[2023-06-21T04:36:06.721344+02:00] logger.DEBUG: Result: SUCCESS [] []
[2023-06-21T04:36:14.462347+02:00] logger.DEBUG: Result: SUCCESS [] []
[2023-06-21T04:37:16.938039+02:00] app_logger.ALERT: Trying to book: asdasd [] []
[2023-06-21T04:37:21.565298+02:00] app_logger.DEBUG: Result: SUCCESS [] []
[2023-06-21T04:37:21.565382+02:00] app_logger.DEBUG: Request submitted {"id":"CUS0000007","firstname":"asdasd","lastname":"asdasd","phone":"09777325692","email":"jamerkelly09877@protonmail.com","area":"Sumacab","city":"Nueva Ecija","request":"Plumber","dateofreq":"2023-06-21","authid":"AUTH000004","aflag":0,"transflag":0} []
[2023-06-21T04:37:43.441037+02:00] logger.DEBUG: Result: SUCCESS [] []
[2023-06-21T04:38:10.212883+02:00] logger.DEBUG: Result: SUCCESS [] []
[2023-06-21T04:39:53.065149+02:00] app_logger.ALERT: Trying to book: asdasd [] []
[2023-06-21T04:39:57.824839+02:00] app_logger.DEBUG: Result: SUCCESS [] []
[2023-06-21T04:39:57.824918+02:00] app_logger.DEBUG: Request submitted {"id":"CUS0000008","firstname":"asdasd","lastname":"sadasd","phone":"09777325699","email":"jamerkelly09877@protonmail.com","area":"Sumacab","city":"Nueva Ecija","request":"Plumber","dateofreq":"2023-06-21","authid":"AUTH000004","aflag":0,"transflag":0} []
[2023-06-21T04:40:44.265529+02:00] logger.DEBUG: Result: SUCCESS [] []
[2023-06-21T04:41:03.346831+02:00] logger.DEBUG: Result: SUCCESS [] []
[2023-06-21T04:43:31.315875+02:00] logger.DEBUG: Result: SUCCESS [] []
[2023-06-21T04:44:07.736133+02:00] logger.DEBUG: Result: SUCCESS [] []
[2023-06-21T04:44:24.554423+02:00] app_logger.ALERT: Trying to book: asdsa [] []
[2023-06-21T04:44:28.361412+02:00] app_logger.DEBUG: Result: SUCCESS [] []
[2023-06-21T04:44:28.361500+02:00] app_logger.DEBUG: Request submitted {"id":"CUS0000009","firstname":"asdsa","lastname":"adas","phone":"09777325699","email":"jamerkelly09877@protonmail.com","area":"Sumacab","city":"Nueva Ecija","request":"Plumber","dateofreq":"2023-06-21","authid":"AUTH000004","aflag":0,"transflag":0} []
[2023-06-21T04:44:40.413578+02:00] logger.DEBUG: Result: SUCCESS [] []
[2023-06-21T04:45:03.659815+02:00] logger.DEBUG: Result: SUCCESS [] []
[2023-06-21T04:45:10.505087+02:00] logger.DEBUG: Result: SUCCESS [] []
[2023-06-21T04:45:16.803369+02:00] logger.DEBUG: Result: SUCCESS [] []
[2023-06-21T04:45:47.522884+02:00] logger.DEBUG: Result: SUCCESS [] []
[2023-06-21T04:50:12.625538+02:00] app_logger.ALERT: Trying to book: Jmne [] []
[2023-06-21T04:50:16.518238+02:00] app_logger.DEBUG: Result: SUCCESS [] []
[2023-06-21T04:50:16.518366+02:00] app_logger.DEBUG: Request submitted {"id":"CUS0000010","firstname":"Jmne","lastname":"asd","phone":"09777325699","email":"jamerkelly09877@gmail.com","area":"Sumacab","city":"Nueva Ecija","request":"Plumber","dateofreq":"2023-06-21","authid":"AUTH000004","aflag":0,"transflag":0} []
[2023-06-21T04:50:27.357328+02:00] app_logger.ALERT: Trying to book: asdas [] []
[2023-06-21T04:50:31.262836+02:00] app_logger.DEBUG: Result: SUCCESS [] []
[2023-06-21T04:50:31.262923+02:00] app_logger.DEBUG: Request submitted {"id":"CUS0000011","firstname":"asdas","lastname":"asdasd","phone":"09777325694","email":"jamerkelly09877@protonmail.com","area":"Sumacab","city":"Nueva Ecija","request":"Plumber","dateofreq":"2023-06-21","authid":"AUTH000004","aflag":0,"transflag":0} []
[2023-06-21T04:50:46.805298+02:00] logger.DEBUG: Result: SUCCESS [] []
[2023-06-21T04:51:17.680627+02:00] logger.DEBUG: Result: SUCCESS [] []
[2023-06-21T04:55:04.742937+02:00] logger.DEBUG: Result: SUCCESS [] []
[2023-06-23T02:09:38.142126+02:00] logger.DEBUG: Result: SUCCESS [] []
[2023-06-23T02:10:22.670433+02:00] logger.DEBUG: Result: SUCCESS [] []
[2023-06-23T02:13:21.616380+02:00] app_logger.ALERT: Trying to book: sadsf [] []
[2023-06-23T02:13:27.017256+02:00] app_logger.DEBUG: Result: SUCCESS [] []
[2023-06-23T02:13:27.038802+02:00] app_logger.DEBUG: Request submitted {"id":"CUS0000012","firstname":"sadsf","lastname":"Ra","phone":"09777325694","email":"jamerkelly09877@protonmail.com","area":"Sumacab","city":"Nueva Ecija","request":"Plumber","dateofreq":"2023-06-23","authid":"AUTH000004","aflag":0,"transflag":0} []
[2023-06-23T02:14:35.915697+02:00] app_logger.ALERT: Trying to book: adasd [] []
[2023-06-23T02:14:40.231822+02:00] app_logger.DEBUG: Result: SUCCESS [] []
[2023-06-23T02:14:40.231938+02:00] app_logger.DEBUG: Request submitted {"id":"CUS0000013","firstname":"adasd","lastname":"asdasd","phone":"09777325694","email":"jamerkelly09877@protonmail.com","area":"Sumacab","city":"Nueva Ecija","request":"Plumber","dateofreq":"2023-06-23","authid":"AUTH000004","aflag":0,"transflag":0} []
[2023-06-23T02:21:41.876738+02:00] app_logger.ALERT: Trying to book: Jamer [] []
[2023-06-23T02:21:46.925329+02:00] app_logger.DEBUG: Result: SUCCESS [] []
[2023-06-23T02:21:46.925416+02:00] app_logger.DEBUG: Request submitted {"id":"CUS0000014","firstname":"Jamer","lastname":"raedas","phone":"09777325694","email":"jamerkelly09877@protonmail.com","area":"Sumacab","city":"Nueva Ecija","request":"Plumber","dateofreq":"2023-06-23","authid":"AUTH000004","aflag":0,"transflag":0} []
[2023-06-23T02:23:48.121919+02:00] app_logger.ALERT: Trying to book: Hemerson [] []
[2023-06-23T02:23:52.760029+02:00] app_logger.DEBUG: Result: SUCCESS [] []
[2023-06-23T02:23:52.760122+02:00] app_logger.DEBUG: Request submitted {"id":"CUS0000015","firstname":"Hemerson","lastname":"RArea","phone":"09777325694","email":"jamerkelly09877@protonmail.com","area":"Sumacab","city":"Nueva Ecija","request":"Plumber","dateofreq":"2023-06-23","authid":"AUTH000004","aflag":0,"transflag":0} []
[2023-06-23T02:32:23.261885+02:00] app_logger.ALERT: Trying to book: ads [] []
[2023-06-23T02:32:27.525243+02:00] app_logger.DEBUG: Result: SUCCESS [] []
[2023-06-23T02:32:27.525336+02:00] app_logger.DEBUG: Request submitted {"id":"CUS0000016","firstname":"ads","lastname":"qeqw","phone":"09777325694","email":"jamerkelly09877@protonmail.com","area":"Sumacab","city":"Nueva Ecija","request":"Plumber","dateofreq":"2023-06-23","authid":"AUTH000004","aflag":0,"transflag":0} []
[2023-06-23T02:36:42.094435+02:00] app_logger.ALERT: Trying to book: asd [] []
[2023-06-23T02:36:46.795988+02:00] app_logger.DEBUG: Result: SUCCESS [] []
[2023-06-23T02:36:46.796070+02:00] app_logger.DEBUG: Request submitted {"id":"CUS0000017","firstname":"asd","lastname":"asdas","phone":"09777325694","email":"jamerkelly09877@protonmail.com","area":"Sumacab","city":"Nueva Ecija","request":"Plumber","dateofreq":"2023-06-23","authid":"AUTH000004","aflag":0,"transflag":0} []
[2023-06-23T02:40:12.237921+02:00] app_logger.ALERT: Trying to book: asd [] []
[2023-06-23T02:40:16.302651+02:00] app_logger.DEBUG: Result: SUCCESS [] []
[2023-06-23T02:40:16.302927+02:00] app_logger.DEBUG: Request submitted {"id":"CUS0000018","firstname":"asd","lastname":"asdasd","phone":"09777325698","email":"jamerkelly09877@protonmail.com","area":"Sumacab","city":"Nueva Ecija","request":"Plumber","dateofreq":"2023-06-23","authid":"AUTH000004","aflag":0,"transflag":0} []
[2023-06-23T02:45:57.522439+02:00] app_logger.ALERT: Trying to book: asas [] []
[2023-06-23T02:46:02.427987+02:00] app_logger.DEBUG: Result: SUCCESS [] []
[2023-06-23T02:46:02.428075+02:00] app_logger.DEBUG: Request submitted {"id":"CUS0000019","firstname":"asas","lastname":"aad","phone":"09777325694","email":"jamerkelly09877@protonmail.com","area":"Sumacab","city":"Nueva Ecija","request":"Plumber","dateofreq":"2023-06-23","authid":"AUTH000004","aflag":0,"transflag":0} []
[2023-06-23T02:55:03.447766+02:00] app_logger.ALERT: Trying to book: asdsa [] []
[2023-06-23T02:55:07.066655+02:00] app_logger.DEBUG: Result: SUCCESS [] []
[2023-06-23T02:55:07.066741+02:00] app_logger.DEBUG: Request submitted {"id":"CUS0000020","firstname":"asdsa","lastname":"asda","phone":"09777325698","email":"jamerkelly09877@protonmail.com","area":"Sumacab","city":"Nueva Ecija","request":"Plumber","dateofreq":"2023-06-23","authid":"AUTH000004","aflag":0,"transflag":0} []
[2023-06-23T03:08:08.764709+02:00] app_logger.ALERT: Trying to book: asasd [] []
[2023-06-23T03:08:16.074886+02:00] app_logger.ALERT: Trying to book: asasd [] []
[2023-06-23T03:08:21.642984+02:00] app_logger.ALERT: Trying to book: asasd [] []
[2023-06-23T03:09:23.164129+02:00] app_logger.ALERT: Trying to book: adasd [] []
[2023-06-23T03:09:48.566552+02:00] app_logger.ALERT: Trying to book: adasd [] []
[2023-06-23T03:09:52.445941+02:00] app_logger.DEBUG: Result: SUCCESS [] []
[2023-06-23T03:09:52.446066+02:00] app_logger.DEBUG: Request submitted {"id":"CUS0000023","firstname":"adasd","lastname":"aadasd","phone":"09777325694","email":"jamerkelly09877@protonmail.com","area":"Sumacab","city":"Nueva Ecija","request":"Plumber","dateofreq":"2023-06-23","authid":"AUTH000004","aflag":0,"transflag":0} []
[2023-06-23T03:16:50.576545+02:00] app_logger.ALERT: Trying to book: asdasd [] []
[2023-06-23T03:16:54.531933+02:00] app_logger.DEBUG: Result: SUCCESS [] []
[2023-06-23T03:16:54.532031+02:00] app_logger.DEBUG: Request submitted {"id":"CUS0000024","firstname":"asdasd","lastname":"asdasd","phone":"09777325698","email":"jamerkelly09877@protonmail.com","area":"Sumacab","city":"Nueva Ecija","request":"Plumber","dateofreq":"2023-06-23","authid":"AUTH000004","aflag":0,"transflag":0} []
[2023-06-23T03:19:06.832483+02:00] app_logger.ALERT: Trying to book: asdasd [] []
[2023-06-23T03:19:10.617347+02:00] app_logger.DEBUG: Result: SUCCESS [] []
[2023-06-23T03:19:10.617436+02:00] app_logger.DEBUG: Request submitted {"id":"CUS0000024","firstname":"asdasd","lastname":"sadasda","phone":"09777325694","email":"jamerkelly09877@protonmail.com","area":"Sumacab","city":"Nueva Ecija","request":"Plumber","dateofreq":"2023-06-23","authid":"AUTH000004","aflag":0,"transflag":0} []
[2023-06-23T03:22:49.399459+02:00] app_logger.ALERT: Trying to book: asdas [] []
[2023-06-23T03:22:53.831178+02:00] app_logger.DEBUG: Result: SUCCESS [] []
[2023-06-23T03:22:53.831258+02:00] app_logger.DEBUG: Request submitted {"id":"CUS0000025","firstname":"asdas","lastname":"asda","phone":"09777325694","email":"jamerkelly09877@protonmail.com","area":"Sumacab","city":"Nueva Ecija","request":"Plumber","dateofreq":"2023-06-23","authid":"AUTH000004","aflag":0,"transflag":0} []
[2023-06-23T03:25:18.686118+02:00] logger.DEBUG: Result: SUCCESS [] []
[2023-06-23T03:25:32.006241+02:00] logger.DEBUG: Result: SUCCESS [] []
[2023-06-23T03:25:53.374470+02:00] logger.CRITICAL: Trying to login for worker: Jamer05 alabMEME1 [] []
[2023-06-23T03:25:57.565416+02:00] logger.DEBUG: Result: SUCCESS [] []
[2023-06-23T03:26:23.141864+02:00] logger.DEBUG: Result: SUCCESS [] []
[2023-06-23T03:26:49.157537+02:00] logger.CRITICAL: Trying to login for worker: Jamer05 alabMEME1 [] []
[2023-06-23T03:26:53.360964+02:00] logger.DEBUG: Result: SUCCESS [] []
[2023-06-23T03:29:00.608707+02:00] app_logger.ALERT: Trying to book: asda [] []
[2023-06-23T03:29:05.042596+02:00] app_logger.DEBUG: Result: SUCCESS [] []
[2023-06-23T03:29:05.042680+02:00] app_logger.DEBUG: Request submitted {"id":"CUS0000026","firstname":"asda","lastname":"asdasd","phone":"09777325694","email":"jamerkelly09877@protonmail.com","area":"Sumacab","city":"Nueva Ecija","request":"Plumber","dateofreq":"2023-06-23","authid":"AUTH000004","aflag":0,"transflag":0} []
[2023-06-23T03:29:19.130940+02:00] logger.DEBUG: Result: SUCCESS [] []
[2023-06-23T03:30:14.826971+02:00] app_logger.ALERT: Trying to book: asdas [] []
[2023-06-23T03:30:19.181462+02:00] app_logger.DEBUG: Result: SUCCESS [] []
[2023-06-23T03:30:19.181569+02:00] app_logger.DEBUG: Request submitted {"id":"CUS0000027","firstname":"asdas","lastname":"asdas","phone":"09777325698","email":"jamerkelly09877@protonmail.com","area":"Sumacab","city":"Nueva Ecija","request":"Plumber","dateofreq":"2023-06-23","authid":"AUTH000004","aflag":0,"transflag":0} []
[2023-06-23T03:30:46.020409+02:00] logger.DEBUG: Result: SUCCESS [] []
[2023-06-23T03:31:51.785681+02:00] app_logger.ALERT: Trying to book: adad [] []
[2023-06-23T03:31:56.050637+02:00] app_logger.DEBUG: Result: SUCCESS [] []
[2023-06-23T03:31:56.050717+02:00] app_logger.DEBUG: Request submitted {"id":"CUS0000028","firstname":"adad","lastname":"asda","phone":"09777325694","email":"jamerkelly09877@protonmail.com","area":"Sumacab","city":"Nueva Ecija","request":"Plumber","dateofreq":"2023-06-23","authid":"AUTH000004","aflag":0,"transflag":0} []
[2023-06-23T03:32:06.385930+02:00] logger.DEBUG: Result: SUCCESS [] []
[2023-06-23T03:32:30.049221+02:00] logger.DEBUG: Result: SUCCESS [] []
[2023-06-23T03:37:11.883985+02:00] logger.DEBUG: Result: SUCCESS [] []
[2023-06-23T03:38:32.051817+02:00] app_logger.ALERT: Trying to book: Jamer [] []
[2023-06-23T03:38:35.616243+02:00] app_logger.DEBUG: Result: SUCCESS [] []
[2023-06-23T03:38:35.616321+02:00] app_logger.DEBUG: Request submitted {"id":"CUS0000000","firstname":"Jamer","lastname":"asdasd","phone":"09777325698","email":"jamerkelly09877@protonmail.com","area":"Sumacab","city":"Nueva Ecija","request":"Plumber","dateofreq":"2023-06-23","authid":"AUTH000004","aflag":0,"transflag":0} []
[2023-06-23T03:39:01.333114+02:00] logger.DEBUG: Result: SUCCESS [] []
[2023-06-23T03:39:18.489320+02:00] logger.DEBUG: Result: SUCCESS [] []
[2023-06-23T03:41:25.263263+02:00] app_logger.ALERT: Trying to book: asdas [] []
[2023-06-23T03:41:31.129994+02:00] app_logger.DEBUG: Result: SUCCESS [] []
[2023-06-23T03:41:31.130077+02:00] app_logger.DEBUG: Request submitted {"id":"CUS0000001","firstname":"asdas","lastname":"asdas","phone":"09777325698","email":"jamerkelly09877@protonmail.com","area":"Sumacab","city":"Nueva Ecija","request":"Plumber","dateofreq":"2023-06-23","authid":"AUTH000004","aflag":0,"transflag":0} []
[2023-06-23T03:44:27.514252+02:00] app_logger.ALERT: Trying to book: asdas [] []
[2023-06-23T03:44:31.252366+02:00] app_logger.DEBUG: Result: SUCCESS [] []
[2023-06-23T03:44:31.252445+02:00] app_logger.DEBUG: Request submitted {"id":"CUS0000002","firstname":"asdas","lastname":"dasas","phone":"09777325691","email":"jamerkelly09877@protonmail.com","area":"Sumacab","city":"Nueva Ecija","request":"Plumber","dateofreq":"2023-06-23","authid":"AUTH000004","aflag":0,"transflag":0} []
[2023-06-23T03:54:59.289617+02:00] logger.DEBUG: Result: SUCCESS [] []
[2023-06-23T03:55:21.020616+02:00] app_logger.ALERT: Trying to book: asdsa [] []
[2023-06-23T03:55:24.876358+02:00] app_logger.DEBUG: Result: SUCCESS [] []
[2023-06-23T03:55:24.876444+02:00] app_logger.DEBUG: Request submitted {"id":"CUS0000003","firstname":"asdsa","lastname":"asdasd","phone":"09777325698","email":"jamerkelly09877@protonmail.com","area":"Sumacab","city":"Nueva Ecija","request":"Plumber","dateofreq":"2023-06-23","authid":"AUTH000004","aflag":0,"transflag":0} []
[2023-06-23T03:57:13.456612+02:00] app_logger.ALERT: Trying to book: asdas [] []
[2023-06-23T03:57:17.005392+02:00] app_logger.DEBUG: Result: SUCCESS [] []
[2023-06-23T03:57:17.005472+02:00] app_logger.DEBUG: Request submitted {"id":"CUS0000004","firstname":"asdas","lastname":"asd","phone":"09777325690","email":"jamerkelly09877@gmail.com","area":"Sumacab","city":"Nueva Ecija","request":"Plumber","dateofreq":"2023-06-23","authid":"AUTH000004","aflag":0,"transflag":0} []
[2023-06-23T04:01:21.159496+02:00] app_logger.ALERT: Trying to book: asdasd [] []
[2023-06-23T04:01:25.020188+02:00] app_logger.DEBUG: Result: SUCCESS [] []
[2023-06-23T04:01:25.020267+02:00] app_logger.DEBUG: Request submitted {"id":"CUS0000005","firstname":"asdasd","lastname":"asdas","phone":"09777325698","email":"jamerkelly09877@protonmail.com","area":"Sumacab","city":"Nueva Ecija","request":"Plumber","dateofreq":"2023-06-23","authid":"AUTH000004","aflag":0,"transflag":0} []
[2023-06-23T04:02:50.274537+02:00] app_logger.ALERT: Trying to book: asdas [] []
[2023-06-23T04:02:54.109028+02:00] app_logger.DEBUG: Result: SUCCESS [] []
[2023-06-23T04:02:54.109165+02:00] app_logger.DEBUG: Request submitted {"id":"CUS0000006","firstname":"asdas","lastname":"asdas","phone":"09777325690","email":"jamerkelly09877@protonmail.com","area":"Sumacab","city":"Nueva Ecija","request":"Plumber","dateofreq":"2023-06-23","authid":"AUTH000004","aflag":0,"transflag":0} []
[2023-06-23T04:07:21.753060+02:00] app_logger.ALERT: Trying to book: asdasd [] []
[2023-06-23T04:07:25.777853+02:00] app_logger.DEBUG: Result: SUCCESS [] []
[2023-06-23T04:07:25.777933+02:00] app_logger.DEBUG: Request submitted {"id":"CUS0000007","firstname":"asdasd","lastname":"asdas","phone":"09777325694","email":"jamerkelly09877@protonmail.com","area":"Sumacab","city":"Nueva Ecija","request":"Plumber","dateofreq":"2023-06-23","authid":"AUTH000004","aflag":0,"transflag":0} []
[2023-06-23T04:07:27.436365+02:00] logger.DEBUG: Result: SUCCESS [] []
[2023-06-23T04:13:39.233437+02:00] app_logger.ALERT: Trying to book: asda [] []
[2023-06-23T04:13:43.125170+02:00] app_logger.DEBUG: Result: SUCCESS [] []
[2023-06-23T04:13:43.125256+02:00] app_logger.DEBUG: Request submitted {"id":"CUS0000008","firstname":"asda","lastname":"asddas","phone":"09777325694","email":"jamerkelly09877@protonmail.com","area":"Sumacab","city":"Nueva Ecija","request":"Plumber","dateofreq":"2023-06-23","authid":"AUTH000004","aflag":0,"transflag":0} []
[2023-06-23T04:17:54.702515+02:00] app_logger.ALERT: Trying to book: adas [] []
[2023-06-23T04:17:58.512378+02:00] app_logger.DEBUG: Result: SUCCESS [] []
[2023-06-23T04:17:58.512463+02:00] app_logger.DEBUG: Request submitted {"id":"CUS0000009","firstname":"adas","lastname":"ADsdasd","phone":"09777325694","email":"jamerkelly09877@protonmail.com","area":"Sumacab","city":"Nueva Ecija","request":"Plumber","dateofreq":"2023-06-23","authid":"AUTH000004","aflag":0,"transflag":0} []
[2023-06-23T04:23:14.354838+02:00] app_logger.ALERT: Trying to book: adasd [] []
[2023-06-23T04:23:18.924142+02:00] app_logger.DEBUG: Result: SUCCESS [] []
[2023-06-23T04:23:18.924231+02:00] app_logger.DEBUG: Request submitted {"id":"CUS0000010","firstname":"adasd","lastname":"ad","phone":"09777325698","email":"jamerkelly09877@protonmail.com","area":"Sumacab","city":"Nueva Ecija","request":"Plumber","dateofreq":"2023-06-23","authid":"AUTH000004","aflag":0,"transflag":0} []
[2023-06-24T05:16:57.880368+02:00] logger.DEBUG: Result: SUCCESS [] []
[2023-06-24T05:18:20.057688+02:00] logger.DEBUG: Result: SUCCESS [] []
[2023-06-24T05:20:19.763830+02:00] logger.CRITICAL: Trying to login for worker: Jamer01 alabMEME1 [] []
[2023-06-24T05:32:09.940361+02:00] logger.DEBUG: Result: SUCCESS [] []
[2023-06-24T05:32:54.282493+02:00] app_logger.ALERT: Trying to book: Cute [] []
[2023-06-24T05:32:59.542430+02:00] app_logger.DEBUG: Result: SUCCESS [] []
[2023-06-24T05:32:59.542514+02:00] app_logger.DEBUG: Request submitted {"id":"CUS0000000","firstname":"Cute","lastname":"Ramrio","phone":"09777325694","email":"jamerkelly09877@protonmail.com","area":"Sumacab","city":"Nueva Ecija","request":"Plumber","dateofreq":"2023-06-24","authid":"AUTH000000","aflag":0,"transflag":0} []
[2023-06-24T05:33:23.372032+02:00] logger.DEBUG: Result: SUCCESS [] []
[2023-06-24T05:33:56.395583+02:00] logger.DEBUG: Result: SUCCESS [] []
[2023-06-24T05:34:32.358165+02:00] app_logger.ALERT: Trying to book: Hemerson [] []
[2023-06-24T05:34:37.237430+02:00] app_logger.DEBUG: Result: SUCCESS [] []
[2023-06-24T05:34:37.237574+02:00] app_logger.DEBUG: Request submitted {"id":"CUS0000001","firstname":"Hemerson","lastname":"Ramiro","phone":"09777325694","email":"jamerkelly09877@protonmail.com","area":"Sumacab","city":"Nueva Ecija","request":"Plumber","dateofreq":"2023-06-24","authid":"AUTH000000","aflag":0,"transflag":0} []
[2023-06-24T05:34:55.449629+02:00] logger.DEBUG: Result: SUCCESS [] []
[2023-06-24T05:43:18.161477+02:00] logger.DEBUG: Result: SUCCESS [] []
[2023-06-24T05:44:09.375962+02:00] logger.DEBUG: Result: SUCCESS [] []
[2023-06-24T05:46:30.159538+02:00] app_logger.ALERT: Trying to book: Jamer [] []
[2023-06-24T05:46:33.953009+02:00] app_logger.DEBUG: Result: SUCCESS [] []
[2023-06-24T05:46:33.953090+02:00] app_logger.DEBUG: Request submitted {"id":"CUS0000002","firstname":"Jamer","lastname":"Ramiro","phone":"09777325698","email":"jamerkelly09877@protonmail.com","area":"Sumacab","city":"Nueva Ecija","request":"Plumber","dateofreq":"2023-06-24","authid":"AUTH000000","aflag":0,"transflag":0} []
[2023-06-24T05:46:47.297144+02:00] logger.DEBUG: Result: SUCCESS [] []
[2023-06-24T07:02:36.466615+02:00] app_logger.ALERT: Trying to book: asda [] []
[2023-06-24T07:02:41.874596+02:00] app_logger.DEBUG: Result: SUCCESS [] []
[2023-06-24T07:02:41.874674+02:00] app_logger.DEBUG: Request submitted {"id":"CUS0000003","firstname":"asda","lastname":"raasda","phone":"09777325694","email":"jamerkelly09877@protonmail.com","area":"Sumacab","city":"Nueva Ecija","request":"Plumber","dateofreq":"2023-06-24","authid":"AUTH000000","aflag":0,"transflag":0} []
[2023-06-24T07:03:05.723333+02:00] logger.CRITICAL: Trying to login for authorizer: Jamer alabMEME1 [] []
[2023-06-24T07:03:14.757569+02:00] logger.DEBUG: Result: SUCCESS [] []
[2023-06-24T07:03:59.372916+02:00] logger.DEBUG: Result: SUCCESS [] []
[2023-06-24T08:24:10.803684+02:00] logger.DEBUG: Result: SUCCESS [] []
[2023-06-24T08:30:21.638732+02:00] app_logger.ALERT: Trying to book: Hermyl [] []
[2023-06-24T08:30:26.919483+02:00] app_logger.DEBUG: Result: SUCCESS [] []
[2023-06-24T08:30:26.919560+02:00] app_logger.DEBUG: Request submitted {"id":"CUS0000004","firstname":"Hermyl","lastname":"Ramiro","phone":"+639163212636","email":"ramiro.hermyl4@gmail.com","area":"Sumacab","city":"Nueva Ecija","request":"Plumber","dateofreq":"2023-06-24","authid":"AUTH000000","aflag":0,"transflag":0} []
[2023-06-24T08:30:34.009467+02:00] logger.DEBUG: Result: SUCCESS [] []
[2023-06-24T08:32:03.691939+02:00] logger.CRITICAL: Trying to login for worker: Jamer1 alabMEME1 [] []
[2023-06-24T08:32:12.487572+02:00] logger.DEBUG: Result: SUCCESS [] []
[2023-06-25T03:14:53.421984+02:00] app_logger.ALERT: Trying to book: dad [] []
[2023-06-25T03:14:58.191445+02:00] app_logger.DEBUG: Result: SUCCESS [] []
[2023-06-25T03:14:58.191530+02:00] app_logger.DEBUG: Request submitted {"id":"CUS0000005","firstname":"dad","lastname":"dasd","phone":"09777325694","email":"jamerkelly09877@protonmail.com","area":"Sumacab","city":"Nueva Ecija","request":"Plumber","dateofreq":"2023-06-25","authid":"AUTH000000","aflag":0,"transflag":0} []
[2023-06-25T03:15:12.964134+02:00] logger.DEBUG: Result: SUCCESS [] []
[2023-06-25T04:25:12.346774+02:00] logger.DEBUG: Result: SUCCESS [] []
[2023-06-25T04:54:44.518506+02:00] logger.DEBUG: Result: SUCCESS [] []
[2023-06-25T05:04:39.879858+02:00] logger.DEBUG: Result: SUCCESS [] []
[2023-06-25T05:18:59.807765+02:00] logger.DEBUG: Result: SUCCESS [] []
[2023-06-27T06:09:05.188810+02:00] logger.DEBUG: Result: SUCCESS [] []
[2023-06-27T06:29:12.329738+02:00] logger.CRITICAL: Trying to login for worker: Jamer01 alabMEME1 [] []
[2023-06-27T06:31:17.152733+02:00] logger.DEBUG: Result: SUCCESS [] []
[2023-06-27T06:37:20.912398+02:00] logger.DEBUG: Result: SUCCESS [] []
[2023-06-27T06:53:09.353813+02:00] logger.DEBUG: Result: SUCCESS [] []
[2023-06-27T07:00:43.964691+02:00] logger.DEBUG: Result: SUCCESS [] []
[2023-06-27T07:02:15.373041+02:00] logger.DEBUG: Result: SUCCESS [] []
[2023-06-27T07:26:17.970242+02:00] logger.DEBUG: Result: SUCCESS [] []
[2023-06-27T07:30:26.713147+02:00] logger.DEBUG: Result: SUCCESS [] []
[2023-06-27T07:31:42.918757+02:00] logger.DEBUG: Result: SUCCESS [] []
[2023-06-27T07:34:47.027694+02:00] logger.DEBUG: Result: SUCCESS [] []
[2023-06-27T07:35:39.299088+02:00] logger.DEBUG: Result: SUCCESS [] []
[2023-06-27T08:09:42.753923+02:00] logger.DEBUG: Result: SUCCESS [] []
[2023-06-27T08:15:47.910078+02:00] logger.DEBUG: Result: SUCCESS [] []
[2023-06-27T08:16:00.818175+02:00] logger.DEBUG: Result: SUCCESS [] []
[2023-06-27T08:16:31.284621+02:00] logger.DEBUG: Result: SUCCESS [] []
[2023-06-27T08:17:16.435357+02:00] logger.DEBUG: Result: SUCCESS [] []
[2023-06-27T08:17:45.174836+02:00] logger.DEBUG: Result: SUCCESS [] []
[2023-06-27T08:18:09.904193+02:00] logger.DEBUG: Result: SUCCESS [] []
[2023-06-27T08:19:51.471102+02:00] logger.DEBUG: Result: SUCCESS [] []
[2023-06-27T08:23:32.027994+02:00] app_logger.ALERT: Trying to book: Jamer [] []
[2023-06-27T08:23:37.266722+02:00] app_logger.DEBUG: Result: SUCCESS [] []
[2023-06-27T08:23:37.266843+02:00] app_logger.DEBUG: Request submitted {"id":"CUS0000006","firstname":"Jamer","lastname":"Ramiro","phone":"09777325694","email":"jamerkelly09877@protonmail.com","area":"Sumacab","city":"Nueva Ecija","request":"Plumber","dateofreq":"2023-06-27","authid":"AUTH000000","aflag":0,"transflag":0} []
[2023-06-27T08:24:12.160814+02:00] app_logger.ALERT: Trying to book:  [] []
[2023-06-27T08:25:37.589080+02:00] logger.CRITICAL: Trying to login for authorizer: Jamer01 alabMEME1 [] []
[2023-06-27T08:25:43.197144+02:00] logger.DEBUG: Result: SUCCESS [] []
[2023-06-27T08:26:12.751139+02:00] logger.DEBUG: Result: SUCCESS [] []
